[36m2025-03-31 00:29:32[0m [32m[INFO][39m: [33mRedisCacheManager initialized successfully[0m
[36m2025-03-31 00:29:32[0m [34m[DEBUG][39m: [33m[DEBUG] Conectando ao banco de dados...[0m
[36m2025-03-31 00:29:32[0m [32m[INFO][39m: [33m[INFO] Banco de dados conectado.[0m
[36m2025-03-31 00:29:32[0m [34m[DEBUG][39m: [33m[DEBUG] Inicializando RabbitMQ...[0m
[36m2025-03-31 00:29:32[0m [34m[DEBUG][39m: [33m[AMQPManager:initialize] Iniciando AMQPManager...[0m
[36m2025-03-31 00:29:32[0m [34m[DEBUG][39m: [33m[AMQPManager:connect] Iniciando conexão com RabbitMQ...[0m
[36m2025-03-31 00:29:32[0m [34m[DEBUG][39m: [33m[AMQPManager:connect] Connection String: amqp://guest:guest@localhost:5672/[0m
[36m2025-03-31 00:29:32[0m [32m[INFO][39m: [33mConnected to Redis successfully[0m
[36m2025-03-31 00:29:32[0m [32m[INFO][39m: [33m[AMQPManager:connect] Conexão com RabbitMQ estabelecida.[0m
[36m2025-03-31 00:29:32[0m [32m[INFO][39m: [33m[AMQPManager:initialize] Dead-letter queue configurada.[0m
[36m2025-03-31 00:29:32[0m [32m[INFO][39m: [33m[AMQPManager:initialize] Consumidor para respostas RPC registrado na fila "amq.rabbitmq.reply-to".[0m
[36m2025-03-31 00:29:32[0m [34m[DEBUG][39m: [33m[AMQPManager:initialize] AMQPManager inicializado.[0m
[36m2025-03-31 00:29:32[0m [32m[INFO][39m: [33m[INFO] RabbitMQ inicializado.[0m
[36m2025-03-31 00:29:32[0m [32m[INFO][39m: [33mServidor rodando na porta 3001[0m
[36m2025-03-31 00:30:32[0m [32m[INFO][39m: [33m[login] Campos recebidos -> email: 123123, password: ***, deviceId: 5310972e-6563-459b-816c-3ca3d3f93224, connectionId: dfb3e2b9-791e-49c1-8dad-3f1077e3a5d3[0m
[36m2025-03-31 00:30:32[0m [33m[WARN][39m: [33m[login] Dados inválidos. IP: 127.0.0.1, email: 123123, connectionId: dfb3e2b9-791e-49c1-8dad-3f1077e3a5d3[0m
[36m2025-03-31 00:33:28[0m [32m[INFO][39m: [33m[login] Campos recebidos -> email: samirsauma@gmail.com, password: ***, deviceId: 5310972e-6563-459b-816c-3ca3d3f93224, connectionId: dfb3e2b9-791e-49c1-8dad-3f1077e3a5d3[0m
[36m2025-03-31 00:33:28[0m [32m[INFO][39m: [33m[login] Tentativa de login -> email: samirsauma@gmail.com, IP: 127.0.0.1, connId: dfb3e2b9-791e-49c1-8dad-3f1077e3a5d3[0m
[36m2025-03-31 00:33:28[0m [31m[ERROR][39m: [33m[checkLoginAttempts] Error: redisCacheManager.zCount is not a function[0m
[36m2025-03-31 00:33:28[0m [31m[ERROR][39m: [33m[login] Erro inesperado: Error checking login attempts.[0m
[36m2025-03-31 00:34:01[0m [32m[INFO][39m: [33mRedisCacheManager initialized successfully[0m
[36m2025-03-31 00:34:01[0m [34m[DEBUG][39m: [33m[DEBUG] Conectando ao banco de dados...[0m
[36m2025-03-31 00:34:01[0m [32m[INFO][39m: [33m[INFO] Banco de dados conectado.[0m
[36m2025-03-31 00:34:01[0m [34m[DEBUG][39m: [33m[DEBUG] Inicializando RabbitMQ...[0m
[36m2025-03-31 00:34:01[0m [34m[DEBUG][39m: [33m[AMQPManager:initialize] Iniciando AMQPManager...[0m
[36m2025-03-31 00:34:01[0m [34m[DEBUG][39m: [33m[AMQPManager:connect] Iniciando conexão com RabbitMQ...[0m
[36m2025-03-31 00:34:01[0m [34m[DEBUG][39m: [33m[AMQPManager:connect] Connection String: amqp://guest:guest@localhost:5672/[0m
[36m2025-03-31 00:34:01[0m [32m[INFO][39m: [33mConnected to Redis successfully[0m
[36m2025-03-31 00:34:02[0m [32m[INFO][39m: [33m[AMQPManager:connect] Conexão com RabbitMQ estabelecida.[0m
[36m2025-03-31 00:34:02[0m [32m[INFO][39m: [33m[AMQPManager:initialize] Dead-letter queue configurada.[0m
[36m2025-03-31 00:34:02[0m [32m[INFO][39m: [33m[AMQPManager:initialize] Consumidor para respostas RPC registrado na fila "amq.rabbitmq.reply-to".[0m
[36m2025-03-31 00:34:02[0m [34m[DEBUG][39m: [33m[AMQPManager:initialize] AMQPManager inicializado.[0m
[36m2025-03-31 00:34:02[0m [32m[INFO][39m: [33m[INFO] RabbitMQ inicializado.[0m
[36m2025-03-31 00:34:02[0m [32m[INFO][39m: [33mServidor rodando na porta 3001[0m
[36m2025-03-31 00:34:05[0m [32m[INFO][39m: [33m[login] Campos recebidos -> email: samirsauma@gmail.com, password: ***, deviceId: 5310972e-6563-459b-816c-3ca3d3f93224, connectionId: dfb3e2b9-791e-49c1-8dad-3f1077e3a5d3[0m
[36m2025-03-31 00:34:05[0m [32m[INFO][39m: [33m[login] Tentativa de login -> email: samirsauma@gmail.com, IP: 127.0.0.1, connId: dfb3e2b9-791e-49c1-8dad-3f1077e3a5d3[0m
[36m2025-03-31 00:34:05[0m [31m[ERROR][39m: [33m[checkLoginAttempts] Error: redisCacheManager.createPipeline is not a function[0m
[36m2025-03-31 00:34:05[0m [31m[ERROR][39m: [33m[login] Erro inesperado: Error checking login attempts.[0m
[36m2025-03-31 00:34:27[0m [32m[INFO][39m: [33mRedisCacheManager initialized successfully[0m
[36m2025-03-31 00:34:27[0m [34m[DEBUG][39m: [33m[DEBUG] Conectando ao banco de dados...[0m
[36m2025-03-31 00:34:27[0m [32m[INFO][39m: [33m[INFO] Banco de dados conectado.[0m
[36m2025-03-31 00:34:27[0m [34m[DEBUG][39m: [33m[DEBUG] Inicializando RabbitMQ...[0m
[36m2025-03-31 00:34:27[0m [34m[DEBUG][39m: [33m[AMQPManager:initialize] Iniciando AMQPManager...[0m
[36m2025-03-31 00:34:27[0m [34m[DEBUG][39m: [33m[AMQPManager:connect] Iniciando conexão com RabbitMQ...[0m
[36m2025-03-31 00:34:27[0m [34m[DEBUG][39m: [33m[AMQPManager:connect] Connection String: amqp://guest:guest@localhost:5672/[0m
[36m2025-03-31 00:34:27[0m [32m[INFO][39m: [33mConnected to Redis successfully[0m
[36m2025-03-31 00:34:27[0m [32m[INFO][39m: [33m[AMQPManager:connect] Conexão com RabbitMQ estabelecida.[0m
[36m2025-03-31 00:34:27[0m [32m[INFO][39m: [33m[AMQPManager:initialize] Dead-letter queue configurada.[0m
[36m2025-03-31 00:34:27[0m [32m[INFO][39m: [33m[AMQPManager:initialize] Consumidor para respostas RPC registrado na fila "amq.rabbitmq.reply-to".[0m
[36m2025-03-31 00:34:27[0m [34m[DEBUG][39m: [33m[AMQPManager:initialize] AMQPManager inicializado.[0m
[36m2025-03-31 00:34:27[0m [32m[INFO][39m: [33m[INFO] RabbitMQ inicializado.[0m
[36m2025-03-31 00:34:27[0m [32m[INFO][39m: [33mServidor rodando na porta 3001[0m
[36m2025-03-31 00:34:33[0m [32m[INFO][39m: [33mRedisCacheManager initialized successfully[0m
[36m2025-03-31 00:34:33[0m [34m[DEBUG][39m: [33m[DEBUG] Conectando ao banco de dados...[0m
[36m2025-03-31 00:34:33[0m [32m[INFO][39m: [33m[INFO] Banco de dados conectado.[0m
[36m2025-03-31 00:34:33[0m [34m[DEBUG][39m: [33m[DEBUG] Inicializando RabbitMQ...[0m
[36m2025-03-31 00:34:33[0m [34m[DEBUG][39m: [33m[AMQPManager:initialize] Iniciando AMQPManager...[0m
[36m2025-03-31 00:34:33[0m [34m[DEBUG][39m: [33m[AMQPManager:connect] Iniciando conexão com RabbitMQ...[0m
[36m2025-03-31 00:34:33[0m [34m[DEBUG][39m: [33m[AMQPManager:connect] Connection String: amqp://guest:guest@localhost:5672/[0m
[36m2025-03-31 00:34:33[0m [32m[INFO][39m: [33mConnected to Redis successfully[0m
[36m2025-03-31 00:34:33[0m [32m[INFO][39m: [33m[AMQPManager:connect] Conexão com RabbitMQ estabelecida.[0m
[36m2025-03-31 00:34:33[0m [32m[INFO][39m: [33m[AMQPManager:initialize] Dead-letter queue configurada.[0m
[36m2025-03-31 00:34:33[0m [32m[INFO][39m: [33m[AMQPManager:initialize] Consumidor para respostas RPC registrado na fila "amq.rabbitmq.reply-to".[0m
[36m2025-03-31 00:34:33[0m [34m[DEBUG][39m: [33m[AMQPManager:initialize] AMQPManager inicializado.[0m
[36m2025-03-31 00:34:33[0m [32m[INFO][39m: [33m[INFO] RabbitMQ inicializado.[0m
[36m2025-03-31 00:34:33[0m [32m[INFO][39m: [33mServidor rodando na porta 3001[0m
[36m2025-03-31 00:34:34[0m [32m[INFO][39m: [33mRedisCacheManager initialized successfully[0m
[36m2025-03-31 00:34:34[0m [34m[DEBUG][39m: [33m[DEBUG] Conectando ao banco de dados...[0m
[36m2025-03-31 00:34:34[0m [32m[INFO][39m: [33m[INFO] Banco de dados conectado.[0m
[36m2025-03-31 00:34:34[0m [34m[DEBUG][39m: [33m[DEBUG] Inicializando RabbitMQ...[0m
[36m2025-03-31 00:34:34[0m [34m[DEBUG][39m: [33m[AMQPManager:initialize] Iniciando AMQPManager...[0m
[36m2025-03-31 00:34:34[0m [34m[DEBUG][39m: [33m[AMQPManager:connect] Iniciando conexão com RabbitMQ...[0m
[36m2025-03-31 00:34:34[0m [34m[DEBUG][39m: [33m[AMQPManager:connect] Connection String: amqp://guest:guest@localhost:5672/[0m
[36m2025-03-31 00:34:34[0m [32m[INFO][39m: [33mConnected to Redis successfully[0m
[36m2025-03-31 00:34:34[0m [32m[INFO][39m: [33m[AMQPManager:connect] Conexão com RabbitMQ estabelecida.[0m
[36m2025-03-31 00:34:34[0m [32m[INFO][39m: [33m[AMQPManager:initialize] Dead-letter queue configurada.[0m
[36m2025-03-31 00:34:34[0m [32m[INFO][39m: [33m[AMQPManager:initialize] Consumidor para respostas RPC registrado na fila "amq.rabbitmq.reply-to".[0m
[36m2025-03-31 00:34:34[0m [34m[DEBUG][39m: [33m[AMQPManager:initialize] AMQPManager inicializado.[0m
[36m2025-03-31 00:34:34[0m [32m[INFO][39m: [33m[INFO] RabbitMQ inicializado.[0m
[36m2025-03-31 00:34:34[0m [32m[INFO][39m: [33mServidor rodando na porta 3001[0m
[36m2025-03-31 00:34:36[0m [32m[INFO][39m: [33mRedisCacheManager initialized successfully[0m
[36m2025-03-31 00:34:36[0m [34m[DEBUG][39m: [33m[DEBUG] Conectando ao banco de dados...[0m
[36m2025-03-31 00:34:36[0m [32m[INFO][39m: [33m[INFO] Banco de dados conectado.[0m
[36m2025-03-31 00:34:36[0m [34m[DEBUG][39m: [33m[DEBUG] Inicializando RabbitMQ...[0m
[36m2025-03-31 00:34:36[0m [34m[DEBUG][39m: [33m[AMQPManager:initialize] Iniciando AMQPManager...[0m
[36m2025-03-31 00:34:36[0m [34m[DEBUG][39m: [33m[AMQPManager:connect] Iniciando conexão com RabbitMQ...[0m
[36m2025-03-31 00:34:36[0m [34m[DEBUG][39m: [33m[AMQPManager:connect] Connection String: amqp://guest:guest@localhost:5672/[0m
[36m2025-03-31 00:34:36[0m [32m[INFO][39m: [33mConnected to Redis successfully[0m
[36m2025-03-31 00:34:36[0m [32m[INFO][39m: [33m[AMQPManager:connect] Conexão com RabbitMQ estabelecida.[0m
[36m2025-03-31 00:34:36[0m [32m[INFO][39m: [33m[AMQPManager:initialize] Dead-letter queue configurada.[0m
[36m2025-03-31 00:34:36[0m [32m[INFO][39m: [33m[AMQPManager:initialize] Consumidor para respostas RPC registrado na fila "amq.rabbitmq.reply-to".[0m
[36m2025-03-31 00:34:36[0m [34m[DEBUG][39m: [33m[AMQPManager:initialize] AMQPManager inicializado.[0m
[36m2025-03-31 00:34:36[0m [32m[INFO][39m: [33m[INFO] RabbitMQ inicializado.[0m
[36m2025-03-31 00:34:36[0m [32m[INFO][39m: [33mServidor rodando na porta 3001[0m
[36m2025-03-31 00:34:40[0m [32m[INFO][39m: [33mRedisCacheManager initialized successfully[0m
[36m2025-03-31 00:34:40[0m [34m[DEBUG][39m: [33m[DEBUG] Conectando ao banco de dados...[0m
[36m2025-03-31 00:34:40[0m [32m[INFO][39m: [33m[INFO] Banco de dados conectado.[0m
[36m2025-03-31 00:34:40[0m [34m[DEBUG][39m: [33m[DEBUG] Inicializando RabbitMQ...[0m
[36m2025-03-31 00:34:40[0m [34m[DEBUG][39m: [33m[AMQPManager:initialize] Iniciando AMQPManager...[0m
[36m2025-03-31 00:34:40[0m [34m[DEBUG][39m: [33m[AMQPManager:connect] Iniciando conexão com RabbitMQ...[0m
[36m2025-03-31 00:34:40[0m [34m[DEBUG][39m: [33m[AMQPManager:connect] Connection String: amqp://guest:guest@localhost:5672/[0m
[36m2025-03-31 00:34:40[0m [32m[INFO][39m: [33mConnected to Redis successfully[0m
[36m2025-03-31 00:34:40[0m [32m[INFO][39m: [33m[AMQPManager:connect] Conexão com RabbitMQ estabelecida.[0m
[36m2025-03-31 00:34:40[0m [32m[INFO][39m: [33m[AMQPManager:initialize] Dead-letter queue configurada.[0m
[36m2025-03-31 00:34:40[0m [32m[INFO][39m: [33m[AMQPManager:initialize] Consumidor para respostas RPC registrado na fila "amq.rabbitmq.reply-to".[0m
[36m2025-03-31 00:34:40[0m [34m[DEBUG][39m: [33m[AMQPManager:initialize] AMQPManager inicializado.[0m
[36m2025-03-31 00:34:40[0m [32m[INFO][39m: [33m[INFO] RabbitMQ inicializado.[0m
[36m2025-03-31 00:34:40[0m [32m[INFO][39m: [33mServidor rodando na porta 3001[0m
[36m2025-03-31 00:34:44[0m [32m[INFO][39m: [33m[login] Campos recebidos -> email: samirsauma@gmail.com, password: ***, deviceId: 5310972e-6563-459b-816c-3ca3d3f93224, connectionId: dfb3e2b9-791e-49c1-8dad-3f1077e3a5d3[0m
[36m2025-03-31 00:34:44[0m [32m[INFO][39m: [33m[login] Tentativa de login -> email: samirsauma@gmail.com, IP: 127.0.0.1, connId: dfb3e2b9-791e-49c1-8dad-3f1077e3a5d3[0m
[36m2025-03-31 00:34:44[0m [31m[ERROR][39m: [33m[checkLoginAttempts] Error: redisCacheManager.execPipeline is not a function[0m
[36m2025-03-31 00:34:44[0m [31m[ERROR][39m: [33m[login] Erro inesperado: Error checking login attempts.[0m
[36m2025-03-31 13:25:41[0m [32m[INFO][39m: [33mRedisCacheManager initialized successfully[0m
[36m2025-03-31 13:25:41[0m [34m[DEBUG][39m: [33m[DEBUG] Conectando ao banco de dados...[0m
[36m2025-03-31 13:25:41[0m [32m[INFO][39m: [33m[INFO] Banco de dados conectado.[0m
[36m2025-03-31 13:25:41[0m [34m[DEBUG][39m: [33m[DEBUG] Inicializando RabbitMQ...[0m
[36m2025-03-31 13:25:41[0m [34m[DEBUG][39m: [33m[AMQPManager:initialize] Iniciando AMQPManager...[0m
[36m2025-03-31 13:25:41[0m [34m[DEBUG][39m: [33m[AMQPManager:connect] Iniciando conexão com RabbitMQ...[0m
[36m2025-03-31 13:25:41[0m [34m[DEBUG][39m: [33m[AMQPManager:connect] Connection String: amqp://guest:guest@localhost:5672/[0m
[36m2025-03-31 13:25:41[0m [32m[INFO][39m: [33mConnected to Redis successfully[0m
[36m2025-03-31 13:25:41[0m [32m[INFO][39m: [33m[AMQPManager:connect] Conexão com RabbitMQ estabelecida.[0m
[36m2025-03-31 13:25:41[0m [32m[INFO][39m: [33m[AMQPManager:initialize] Dead-letter queue configurada.[0m
[36m2025-03-31 13:25:41[0m [32m[INFO][39m: [33m[AMQPManager:initialize] Consumidor para respostas RPC registrado na fila "amq.rabbitmq.reply-to".[0m
[36m2025-03-31 13:25:41[0m [34m[DEBUG][39m: [33m[AMQPManager:initialize] AMQPManager inicializado.[0m
[36m2025-03-31 13:25:41[0m [32m[INFO][39m: [33m[INFO] RabbitMQ inicializado.[0m
[36m2025-03-31 13:25:41[0m [32m[INFO][39m: [33mServidor rodando na porta 3001[0m
[36m2025-03-31 13:27:45[0m [32m[INFO][39m: [33mRedisCacheManager initialized successfully[0m
[36m2025-03-31 13:27:45[0m [34m[DEBUG][39m: [33m[DEBUG] Conectando ao banco de dados...[0m
[36m2025-03-31 13:27:45[0m [32m[INFO][39m: [33m[INFO] Banco de dados conectado.[0m
[36m2025-03-31 13:27:45[0m [34m[DEBUG][39m: [33m[DEBUG] Inicializando RabbitMQ...[0m
[36m2025-03-31 13:27:45[0m [34m[DEBUG][39m: [33m[AMQPManager:initialize] Iniciando AMQPManager...[0m
[36m2025-03-31 13:27:45[0m [34m[DEBUG][39m: [33m[AMQPManager:connect] Iniciando conexão com RabbitMQ...[0m
[36m2025-03-31 13:27:45[0m [34m[DEBUG][39m: [33m[AMQPManager:connect] Connection String: amqp://guest:guest@localhost:5672/[0m
[36m2025-03-31 13:27:45[0m [32m[INFO][39m: [33mConnected to Redis successfully[0m
[36m2025-03-31 13:27:45[0m [32m[INFO][39m: [33m[AMQPManager:connect] Conexão com RabbitMQ estabelecida.[0m
[36m2025-03-31 13:27:45[0m [32m[INFO][39m: [33m[AMQPManager:initialize] Dead-letter queue configurada.[0m
[36m2025-03-31 13:27:45[0m [32m[INFO][39m: [33m[AMQPManager:initialize] Consumidor para respostas RPC registrado na fila "amq.rabbitmq.reply-to".[0m
[36m2025-03-31 13:27:45[0m [34m[DEBUG][39m: [33m[AMQPManager:initialize] AMQPManager inicializado.[0m
[36m2025-03-31 13:27:45[0m [32m[INFO][39m: [33m[INFO] RabbitMQ inicializado.[0m
[36m2025-03-31 13:27:45[0m [32m[INFO][39m: [33mServidor rodando na porta 3001[0m
[36m2025-03-31 13:28:33[0m [32m[INFO][39m: [33m[login] Campos recebidos -> email: samirsauma@gmail.com, password: ***, deviceId: Win32 | Mozilla/5.0 (Windows NT 10.0; Win64; x64) AppleWebKit/537.36 (KHTML, like Gecko) Chrome/134.0.0.0 Safari/537.36 Edg/134.0.0.0 | en-GB | Europe/London, connectionId: 22502720-58bd-4e5b-85ea-02643244d403[0m
[36m2025-03-31 13:28:33[0m [33m[WARN][39m: [33m[login] Dados inválidos. IP: 127.0.0.1, email: samirsauma@gmail.com, connectionId: 22502720-58bd-4e5b-85ea-02643244d403[0m
[36m2025-03-31 13:29:09[0m [32m[INFO][39m: [33m[login] Campos recebidos -> email: samirsauma@gmail.com, password: ***, deviceId: Win32 | Mozilla/5.0 (Windows NT 10.0; Win64; x64) AppleWebKit/537.36 (KHTML, like Gecko) Chrome/134.0.0.0 Safari/537.36 Edg/134.0.0.0 | en-GB | Europe/London, connectionId: 22502720-58bd-4e5b-85ea-02643244d403[0m
[36m2025-03-31 13:29:09[0m [32m[INFO][39m: [33m[login] Tentativa de login -> email: samirsauma@gmail.com, IP: 127.0.0.1, connId: 22502720-58bd-4e5b-85ea-02643244d403[0m
[36m2025-03-31 13:29:09[0m [33m[WARN][39m: [33m[findUserByEmail] not found: samirsauma@gmail.com[0m
[36m2025-03-31 13:29:09[0m [32m[INFO][39m: [33m[recordFailedLogin] for email: samirsauma@gmail.com, IP: 127.0.0.1[0m
[36m2025-03-31 13:45:38[0m [32m[INFO][39m: [33mRedisCacheManager initialized successfully[0m
[36m2025-03-31 13:45:38[0m [34m[DEBUG][39m: [33m[DEBUG] Conectando ao banco de dados...[0m
[36m2025-03-31 13:45:38[0m [32m[INFO][39m: [33m[INFO] Banco de dados conectado.[0m
[36m2025-03-31 13:45:38[0m [34m[DEBUG][39m: [33m[DEBUG] Inicializando RabbitMQ...[0m
[36m2025-03-31 13:45:38[0m [34m[DEBUG][39m: [33m[AMQPManager:initialize] Iniciando AMQPManager...[0m
[36m2025-03-31 13:45:38[0m [34m[DEBUG][39m: [33m[AMQPManager:connect] Iniciando conexão com RabbitMQ...[0m
[36m2025-03-31 13:45:38[0m [34m[DEBUG][39m: [33m[AMQPManager:connect] Connection String: amqp://guest:guest@localhost:5672/[0m
[36m2025-03-31 13:45:38[0m [32m[INFO][39m: [33mConnected to Redis successfully[0m
[36m2025-03-31 13:45:38[0m [32m[INFO][39m: [33m[AMQPManager:connect] Conexão com RabbitMQ estabelecida.[0m
[36m2025-03-31 13:45:38[0m [32m[INFO][39m: [33m[AMQPManager:initialize] Dead-letter queue configurada.[0m
[36m2025-03-31 13:45:38[0m [32m[INFO][39m: [33m[AMQPManager:initialize] Consumidor para respostas RPC registrado na fila "amq.rabbitmq.reply-to".[0m
[36m2025-03-31 13:45:38[0m [34m[DEBUG][39m: [33m[AMQPManager:initialize] AMQPManager inicializado.[0m
[36m2025-03-31 13:45:38[0m [32m[INFO][39m: [33m[INFO] RabbitMQ inicializado.[0m
[36m2025-03-31 13:45:38[0m [32m[INFO][39m: [33mServidor rodando na porta 3001[0m
[36m2025-03-31 13:45:45[0m [32m[INFO][39m: [33m[login] Campos recebidos -> email: samirsauma@gmail.com, password: ***, deviceId: Win32 | Mozilla/5.0 (Windows NT 10.0; Win64; x64) AppleWebKit/537.36 (KHTML, like Gecko) Chrome/134.0.0.0 Safari/537.36 Edg/134.0.0.0 | en-GB | Europe/London, connectionId: 70aa44b3-ca4e-4dcd-9d1c-06716198d408[0m
[36m2025-03-31 13:45:45[0m [32m[INFO][39m: [33m[login] Tentativa de login -> email: samirsauma@gmail.com, IP: 127.0.0.1, connId: 70aa44b3-ca4e-4dcd-9d1c-06716198d408[0m
[36m2025-03-31 13:45:45[0m [33m[WARN][39m: [33m[findUserByEmail] not found: samirsauma@gmail.com[0m
[36m2025-03-31 13:45:45[0m [32m[INFO][39m: [33m[recordFailedLogin] for email: samirsauma@gmail.com, IP: 127.0.0.1[0m
[36m2025-03-31 13:46:19[0m [31m[ERROR][39m: [33m[AMQPManager:connect] Conexão com RabbitMQ encerrada.[0m
[36m2025-03-31 13:46:20[0m [32m[INFO][39m: [33mConnected to Redis successfully[0m
[36m2025-03-31 13:46:20[0m [32m[INFO][39m: [33mConnected to Redis successfully[0m
[36m2025-03-31 13:46:20[0m [31m[ERROR][39m: [33mRedis client error: connect ECONNREFUSED 127.0.0.1:6379[0m
[36m2025-03-31 13:46:20[0m [31m[ERROR][39m: [33mRedis client error: connect ECONNREFUSED 127.0.0.1:6379[0m
[36m2025-03-31 13:46:21[0m [31m[ERROR][39m: [33mRedis client error: connect ECONNREFUSED 127.0.0.1:6379[0m
[36m2025-03-31 13:46:22[0m [31m[ERROR][39m: [33mRedis client error: connect ECONNREFUSED 127.0.0.1:6379[0m
[36m2025-03-31 13:46:22[0m [31m[ERROR][39m: [33mRedis client error: connect ECONNREFUSED 127.0.0.1:6379[0m
[36m2025-03-31 13:46:23[0m [31m[ERROR][39m: [33mRedis client error: connect ECONNREFUSED 127.0.0.1:6379[0m
[36m2025-03-31 13:46:24[0m [32m[INFO][39m: [33mConnected to Redis successfully[0m
[36m2025-03-31 13:46:24[0m [34m[DEBUG][39m: [33m[AMQPManager:connect] Iniciando conexão com RabbitMQ...[0m
[36m2025-03-31 13:46:24[0m [34m[DEBUG][39m: [33m[AMQPManager:connect] Connection String: amqp://guest:guest@localhost:5672/[0m
[36m2025-03-31 13:46:24[0m [31m[ERROR][39m: [33m[AMQPManager:connect] Falha ao conectar ao RabbitMQ: Socket closed abruptly during opening handshake[0m
[36m2025-03-31 13:46:24[0m [32m[INFO][39m: [33m[AMQPManager:connect] Tentando reconectar em 5s...[0m
[36m2025-03-31 13:46:29[0m [31m[ERROR][39m: [33m[AMQPManager:connect] Falha ao conectar ao RabbitMQ: Socket closed abruptly during opening handshake[0m
[36m2025-03-31 13:46:29[0m [32m[INFO][39m: [33m[AMQPManager:connect] Tentando reconectar em 5s...[0m
[36m2025-03-31 13:46:33[0m [32m[INFO][39m: [33mConnected to Redis successfully[0m
[36m2025-03-31 13:46:33[0m [32m[INFO][39m: [33mConnected to Redis successfully[0m
[36m2025-03-31 13:46:33[0m [32m[INFO][39m: [33mConnected to Redis successfully[0m
[36m2025-03-31 13:46:34[0m [31m[ERROR][39m: [33mRedis client error: connect ECONNREFUSED 127.0.0.1:6379[0m
[36m2025-03-31 13:46:34[0m [31m[ERROR][39m: [33mRedis client error: connect ECONNREFUSED 127.0.0.1:6379[0m
[36m2025-03-31 13:46:34[0m [31m[ERROR][39m: [33m[AMQPManager:connect] Falha ao conectar ao RabbitMQ: connect ECONNREFUSED 127.0.0.1:5672[0m
[36m2025-03-31 13:46:34[0m [32m[INFO][39m: [33m[AMQPManager:connect] Tentando reconectar em 5s...[0m
[36m2025-03-31 13:46:35[0m [31m[ERROR][39m: [33mRedis client error: connect ECONNREFUSED 127.0.0.1:6379[0m
[36m2025-03-31 13:46:36[0m [31m[ERROR][39m: [33mRedis client error: connect ECONNREFUSED 127.0.0.1:6379[0m
[36m2025-03-31 13:46:36[0m [31m[ERROR][39m: [33mRedis client error: connect ECONNREFUSED 127.0.0.1:6379[0m
[36m2025-03-31 13:46:37[0m [31m[ERROR][39m: [33mRedis client error: connect ECONNREFUSED 127.0.0.1:6379[0m
[36m2025-03-31 13:46:38[0m [31m[ERROR][39m: [33mRedis client error: connect ECONNREFUSED 127.0.0.1:6379[0m
[36m2025-03-31 13:46:39[0m [31m[ERROR][39m: [33m[AMQPManager:connect] Falha ao conectar ao RabbitMQ: connect ECONNREFUSED 127.0.0.1:5672[0m
[36m2025-03-31 13:46:39[0m [32m[INFO][39m: [33m[AMQPManager:connect] Tentando reconectar em 5s...[0m
[36m2025-03-31 13:46:39[0m [31m[ERROR][39m: [33mRedis client error: connect ECONNREFUSED 127.0.0.1:6379[0m
[36m2025-03-31 13:46:41[0m [31m[ERROR][39m: [33mRedis client error: connect ECONNREFUSED 127.0.0.1:6379[0m
[36m2025-03-31 15:19:28[0m [32m[INFO][39m: [33mRedisCacheManager initialized successfully[0m
[36m2025-03-31 15:19:28[0m [34m[DEBUG][39m: [33m[DEBUG] Conectando ao banco de dados...[0m
[36m2025-03-31 15:19:28[0m [32m[INFO][39m: [33m[INFO] Banco de dados conectado.[0m
[36m2025-03-31 15:19:28[0m [34m[DEBUG][39m: [33m[DEBUG] Inicializando RabbitMQ...[0m
[36m2025-03-31 15:19:28[0m [34m[DEBUG][39m: [33m[AMQPManager:initialize] Iniciando AMQPManager...[0m
[36m2025-03-31 15:19:28[0m [34m[DEBUG][39m: [33m[AMQPManager:connect] Iniciando conexão com RabbitMQ...[0m
[36m2025-03-31 15:19:28[0m [34m[DEBUG][39m: [33m[AMQPManager:connect] Connection String: amqp://guest:guest@localhost:5672/[0m
[36m2025-03-31 15:19:28[0m [32m[INFO][39m: [33mConnected to Redis successfully[0m
[36m2025-03-31 15:19:28[0m [32m[INFO][39m: [33m[AMQPManager:connect] Conexão com RabbitMQ estabelecida.[0m
[36m2025-03-31 15:19:28[0m [32m[INFO][39m: [33m[AMQPManager:initialize] Dead-letter queue configurada.[0m
[36m2025-03-31 15:19:28[0m [32m[INFO][39m: [33m[AMQPManager:initialize] Consumidor para respostas RPC registrado na fila "amq.rabbitmq.reply-to".[0m
[36m2025-03-31 15:19:28[0m [34m[DEBUG][39m: [33m[AMQPManager:initialize] AMQPManager inicializado.[0m
[36m2025-03-31 15:19:28[0m [32m[INFO][39m: [33m[INFO] RabbitMQ inicializado.[0m
[36m2025-03-31 15:19:28[0m [32m[INFO][39m: [33mServidor rodando na porta 3001[0m
