[36m2025-04-01 13:26:16[0m [32m[INFO][39m: [33m[MessageRouter] Initialized with secretKey and clientManager.[0m
[36m2025-04-01 13:26:24[0m [32m[INFO][39m: [33m[MessageRouter] Raw message received:[0m
[36m2025-04-01 13:26:24[0m [32m[INFO][39m: [33m[MessageRouter] Parsed message:[0m
[36m2025-04-01 13:26:24[0m [32m[INFO][39m: [33m[MessageRouter] Determined event:[0m
[36m2025-04-01 13:26:24[0m [33m[WARN][39m: [33m[MessageRouter] Unrecognized event type:[0m
[36m2025-04-01 13:31:54[0m [32m[INFO][39m: [33m[MessageRouter] Initialized with secretKey and clientManager.[0m
[36m2025-04-01 13:32:04[0m [32m[INFO][39m: [33m[PubSub] Starting subscriber and trying to subscribe to channel: user-events[0m
[36m2025-04-01 13:32:04[0m [32m[INFO][39m: [33m[PubSub] Subscriber initialized and subscribed to channel: user-events[0m
[36m2025-04-01 13:32:04[0m [32m[INFO][39m: [33m[MessageRouter] Initialized with secretKey and clientManager.[0m
[36m2025-04-01 13:32:04[0m [32m[INFO][39m: [33m[PubSub] Successfully subscribed to channel "user-events". Total channels subscribed: 1[0m
[36m2025-04-01 13:32:32[0m [32m[INFO][39m: [33m[MessageRouter] Raw message received:[0m
[36m2025-04-01 13:32:32[0m [32m[INFO][39m: [33m[MessageRouter] Parsed message:[0m
[36m2025-04-01 13:32:32[0m [32m[INFO][39m: [33m[MessageRouter] Determined event:[0m
[36m2025-04-01 13:32:32[0m [33m[WARN][39m: [33m[MessageRouter] Unrecognized event type:[0m
[36m2025-04-01 13:32:35[0m [32m[INFO][39m: [33m[MessageRouter] Raw message received:[0m
[36m2025-04-01 13:32:35[0m [32m[INFO][39m: [33m[MessageRouter] Parsed message:[0m
[36m2025-04-01 13:32:35[0m [32m[INFO][39m: [33m[MessageRouter] Determined event:[0m
[36m2025-04-01 13:32:35[0m [33m[WARN][39m: [33m[MessageRouter] Unrecognized event type:[0m
[36m2025-04-01 13:32:42[0m [32m[INFO][39m: [33m[MessageRouter] Raw message received:[0m
[36m2025-04-01 13:32:42[0m [32m[INFO][39m: [33m[MessageRouter] Parsed message:[0m
[36m2025-04-01 13:32:42[0m [32m[INFO][39m: [33m[MessageRouter] Determined event:[0m
[36m2025-04-01 13:32:42[0m [33m[WARN][39m: [33m[MessageRouter] Unrecognized event type:[0m
[36m2025-04-01 13:32:46[0m [32m[INFO][39m: [33m[MessageRouter] Raw message received:[0m
[36m2025-04-01 13:32:46[0m [32m[INFO][39m: [33m[MessageRouter] Parsed message:[0m
[36m2025-04-01 13:32:46[0m [32m[INFO][39m: [33m[MessageRouter] Determined event:[0m
[36m2025-04-01 13:32:46[0m [33m[WARN][39m: [33m[MessageRouter] Unrecognized event type:[0m
[36m2025-04-01 13:33:42[0m [32m[INFO][39m: [33m[MessageRouter] Raw message received:[0m
[36m2025-04-01 13:33:42[0m [32m[INFO][39m: [33m[MessageRouter] Parsed message:[0m
[36m2025-04-01 13:33:42[0m [32m[INFO][39m: [33m[MessageRouter] Determined event:[0m
[36m2025-04-01 13:33:42[0m [33m[WARN][39m: [33m[MessageRouter] Unrecognized event type:[0m
[36m2025-04-01 13:33:43[0m [32m[INFO][39m: [33m[MessageRouter] Raw message received:[0m
[36m2025-04-01 13:33:43[0m [32m[INFO][39m: [33m[MessageRouter] Parsed message:[0m
[36m2025-04-01 13:33:43[0m [32m[INFO][39m: [33m[MessageRouter] Determined event:[0m
[36m2025-04-01 13:33:43[0m [33m[WARN][39m: [33m[MessageRouter] Unrecognized event type:[0m
[36m2025-04-01 13:33:44[0m [32m[INFO][39m: [33m[MessageRouter] Raw message received:[0m
[36m2025-04-01 13:33:44[0m [32m[INFO][39m: [33m[MessageRouter] Parsed message:[0m
[36m2025-04-01 13:33:44[0m [32m[INFO][39m: [33m[MessageRouter] Determined event:[0m
[36m2025-04-01 13:33:44[0m [33m[WARN][39m: [33m[MessageRouter] Unrecognized event type:[0m
[36m2025-04-01 13:34:08[0m [32m[INFO][39m: [33m[MessageRouter] Raw message received:[0m
[36m2025-04-01 13:34:08[0m [32m[INFO][39m: [33m[MessageRouter] Parsed message:[0m
[36m2025-04-01 13:34:08[0m [32m[INFO][39m: [33m[MessageRouter] Determined event:[0m
[36m2025-04-01 13:34:08[0m [33m[WARN][39m: [33m[MessageRouter] Unrecognized event type:[0m
[36m2025-04-01 13:36:30[0m [32m[INFO][39m: [33m[PubSub] Starting subscriber and trying to subscribe to channel: user-events[0m
[36m2025-04-01 13:36:30[0m [32m[INFO][39m: [33m[PubSub] Subscriber initialized and subscribed to channel: user-events[0m
[36m2025-04-01 13:36:30[0m [32m[INFO][39m: [33m[MessageRouter] Initialized with secretKey and clientManager.[0m
[36m2025-04-01 13:36:30[0m [32m[INFO][39m: [33m[PubSub] Successfully subscribed to channel "user-events". Total channels subscribed: 1[0m
[36m2025-04-01 13:36:37[0m [32m[INFO][39m: [33m[MessageRouter] Raw message received:[0m
[36m2025-04-01 13:36:37[0m [32m[INFO][39m: [33m[MessageRouter] Parsed message:[0m
[36m2025-04-01 13:36:37[0m [32m[INFO][39m: [33m[MessageRouter] Determined event:[0m
[36m2025-04-01 13:36:37[0m [34m[DEBUG][39m: [33m[MessageRouter] Ignoring auth message with null token (handshake scenario).[0m
[36m2025-04-01 13:36:38[0m [32m[INFO][39m: [33m[MessageRouter] Raw message received:[0m
[36m2025-04-01 13:36:38[0m [32m[INFO][39m: [33m[MessageRouter] Parsed message:[0m
[36m2025-04-01 13:36:38[0m [32m[INFO][39m: [33m[MessageRouter] Determined event:[0m
[36m2025-04-01 13:36:38[0m [34m[DEBUG][39m: [33m[MessageRouter] Ignoring auth message with null token (handshake scenario).[0m
[36m2025-04-01 13:41:13[0m [32m[INFO][39m: [33m[PubSub] Message received on channel "user-events"[0m
[36m2025-04-01 13:41:13[0m [32m[INFO][39m: [33m[PubSub] Raw message: {"type":"login_failure","userId":"unknown","error":"ERR syntax error","timestamp":"2025-04-01T12:41:13.851Z"}[0m
[36m2025-04-01 13:41:13[0m [32m[INFO][39m: [33m[PubSub] Parsed message -> Event: login_failure, ConnectionId: undefined, Data: undefined[0m
[36m2025-04-01 13:41:13[0m [33m[WARN][39m: [33m[PubSub] Insufficient data in message for sending. Event: login_failure, ConnectionId: undefined[0m
[36m2025-04-01 13:43:24[0m [32m[INFO][39m: [33m[PubSub] Starting subscriber and trying to subscribe to channel: user-events[0m
[36m2025-04-01 13:43:24[0m [32m[INFO][39m: [33m[PubSub] Subscriber initialized and subscribed to channel: user-events[0m
[36m2025-04-01 13:43:24[0m [32m[INFO][39m: [33m[MessageRouter] Initialized with secretKey and clientManager.[0m
[36m2025-04-01 13:43:24[0m [32m[INFO][39m: [33m[PubSub] Successfully subscribed to channel "user-events". Total channels subscribed: 1[0m
[36m2025-04-01 13:43:24[0m [32m[INFO][39m: [33m[PubSub] Starting subscriber and trying to subscribe to channel: user-events[0m
[36m2025-04-01 13:43:24[0m [32m[INFO][39m: [33m[PubSub] Subscriber initialized and subscribed to channel: user-events[0m
[36m2025-04-01 13:43:24[0m [32m[INFO][39m: [33m[MessageRouter] Initialized with secretKey and clientManager.[0m
[36m2025-04-01 13:43:24[0m [32m[INFO][39m: [33m[PubSub] Successfully subscribed to channel "user-events". Total channels subscribed: 1[0m
[36m2025-04-01 13:43:32[0m [32m[INFO][39m: [33m[MessageRouter] Raw message received:[0m
[36m2025-04-01 13:43:32[0m [32m[INFO][39m: [33m[MessageRouter] Parsed message:[0m
[36m2025-04-01 13:43:32[0m [32m[INFO][39m: [33m[MessageRouter] Determined event:[0m
[36m2025-04-01 13:43:32[0m [34m[DEBUG][39m: [33m[MessageRouter] Ignoring auth message with null token (handshake scenario).[0m
[36m2025-04-01 13:43:48[0m [32m[INFO][39m: [33m[PubSub] Message received on channel "user-events"[0m
[36m2025-04-01 13:43:48[0m [32m[INFO][39m: [33m[PubSub] Raw message: {"type":"login_failure","userId":"unknown","error":"ERR syntax error","timestamp":"2025-04-01T12:43:48.374Z"}[0m
[36m2025-04-01 13:43:48[0m [32m[INFO][39m: [33m[PubSub] Broadcasting login_failure message to all clients[0m
[36m2025-04-01 13:45:30[0m [32m[INFO][39m: [33m[PubSub] Starting subscriber and trying to subscribe to channel: user-events[0m
[36m2025-04-01 13:45:30[0m [32m[INFO][39m: [33m[PubSub] Subscriber initialized and subscribed to channel: user-events[0m
[36m2025-04-01 13:45:30[0m [32m[INFO][39m: [33m[MessageRouter] Initialized with secretKey and clientManager.[0m
[36m2025-04-01 13:45:30[0m [32m[INFO][39m: [33m[PubSub] Successfully subscribed to channel "user-events". Total channels subscribed: 1[0m
[36m2025-04-01 13:45:37[0m [32m[INFO][39m: [33m[PubSub] Starting subscriber and trying to subscribe to channel: user-events[0m
[36m2025-04-01 13:45:37[0m [32m[INFO][39m: [33m[PubSub] Subscriber initialized and subscribed to channel: user-events[0m
[36m2025-04-01 13:45:37[0m [32m[INFO][39m: [33m[MessageRouter] Initialized with secretKey and clientManager.[0m
[36m2025-04-01 13:45:37[0m [32m[INFO][39m: [33m[PubSub] Successfully subscribed to channel "user-events". Total channels subscribed: 1[0m
[36m2025-04-01 13:45:38[0m [32m[INFO][39m: [33m[PubSub] Starting subscriber and trying to subscribe to channel: user-events[0m
[36m2025-04-01 13:45:38[0m [32m[INFO][39m: [33m[PubSub] Subscriber initialized and subscribed to channel: user-events[0m
[36m2025-04-01 13:45:38[0m [32m[INFO][39m: [33m[MessageRouter] Initialized with secretKey and clientManager.[0m
[36m2025-04-01 13:45:38[0m [32m[INFO][39m: [33m[PubSub] Successfully subscribed to channel "user-events". Total channels subscribed: 1[0m
[36m2025-04-01 13:45:43[0m [32m[INFO][39m: [33m[PubSub] Starting subscriber and trying to subscribe to channel: user-events[0m
[36m2025-04-01 13:45:43[0m [32m[INFO][39m: [33m[PubSub] Subscriber initialized and subscribed to channel: user-events[0m
[36m2025-04-01 13:45:43[0m [32m[INFO][39m: [33m[MessageRouter] Initialized with secretKey and clientManager.[0m
[36m2025-04-01 13:45:43[0m [32m[INFO][39m: [33m[PubSub] Successfully subscribed to channel "user-events". Total channels subscribed: 1[0m
[36m2025-04-01 13:45:45[0m [32m[INFO][39m: [33m[PubSub] Starting subscriber and trying to subscribe to channel: user-events[0m
[36m2025-04-01 13:45:45[0m [32m[INFO][39m: [33m[PubSub] Subscriber initialized and subscribed to channel: user-events[0m
[36m2025-04-01 13:45:45[0m [32m[INFO][39m: [33m[MessageRouter] Initialized with secretKey and clientManager.[0m
[36m2025-04-01 13:45:45[0m [32m[INFO][39m: [33m[PubSub] Successfully subscribed to channel "user-events". Total channels subscribed: 1[0m
[36m2025-04-01 13:45:46[0m [32m[INFO][39m: [33m[PubSub] Starting subscriber and trying to subscribe to channel: user-events[0m
[36m2025-04-01 13:45:46[0m [32m[INFO][39m: [33m[PubSub] Subscriber initialized and subscribed to channel: user-events[0m
[36m2025-04-01 13:45:46[0m [32m[INFO][39m: [33m[MessageRouter] Initialized with secretKey and clientManager.[0m
[36m2025-04-01 13:45:46[0m [32m[INFO][39m: [33m[PubSub] Successfully subscribed to channel "user-events". Total channels subscribed: 1[0m
[36m2025-04-01 13:45:54[0m [32m[INFO][39m: [33m[MessageRouter] Raw message received:[0m
[36m2025-04-01 13:45:54[0m [32m[INFO][39m: [33m[MessageRouter] Parsed message:[0m
[36m2025-04-01 13:45:54[0m [32m[INFO][39m: [33m[MessageRouter] Determined event:[0m
[36m2025-04-01 13:45:54[0m [34m[DEBUG][39m: [33m[MessageRouter] Ignoring auth message with null token (handshake scenario).[0m
[36m2025-04-01 13:46:11[0m [32m[INFO][39m: [33m[PubSub] Message received on channel "user-events"[0m
[36m2025-04-01 13:46:11[0m [32m[INFO][39m: [33m[PubSub] Raw message: {"type":"login_failure","userId":"unknown","error":"ERR syntax error","timestamp":"2025-04-01T12:46:11.793Z"}[0m
[36m2025-04-01 13:46:11[0m [32m[INFO][39m: [33m[PubSub] Broadcasting login_failure message to all clients[0m
[36m2025-04-01 13:53:37[0m [32m[INFO][39m: [33m[MessageRouter] Raw message received:[0m
[36m2025-04-01 13:53:37[0m [32m[INFO][39m: [33m[MessageRouter] Parsed message:[0m
[36m2025-04-01 13:53:37[0m [32m[INFO][39m: [33m[MessageRouter] Determined event:[0m
[36m2025-04-01 13:53:37[0m [34m[DEBUG][39m: [33m[MessageRouter] Ignoring auth message with null token (handshake scenario).[0m
[36m2025-04-01 14:02:14[0m [32m[INFO][39m: [33m[MessageRouter] Raw message received:[0m
[36m2025-04-01 14:02:14[0m [32m[INFO][39m: [33m[MessageRouter] Parsed message:[0m
[36m2025-04-01 14:02:14[0m [32m[INFO][39m: [33m[MessageRouter] Determined event:[0m
[36m2025-04-01 14:02:14[0m [34m[DEBUG][39m: [33m[MessageRouter] Ignoring auth message with null token (handshake scenario).[0m
[36m2025-04-01 14:03:02[0m [32m[INFO][39m: [33m[MessageRouter] Raw message received:[0m
[36m2025-04-01 14:03:02[0m [32m[INFO][39m: [33m[MessageRouter] Parsed message:[0m
[36m2025-04-01 14:03:02[0m [32m[INFO][39m: [33m[MessageRouter] Determined event:[0m
[36m2025-04-01 14:03:02[0m [34m[DEBUG][39m: [33m[MessageRouter] Ignoring auth message with null token (handshake scenario).[0m
[36m2025-04-01 14:03:04[0m [32m[INFO][39m: [33m[MessageRouter] Raw message received:[0m
[36m2025-04-01 14:03:04[0m [32m[INFO][39m: [33m[MessageRouter] Parsed message:[0m
[36m2025-04-01 14:03:04[0m [32m[INFO][39m: [33m[MessageRouter] Determined event:[0m
[36m2025-04-01 14:03:04[0m [34m[DEBUG][39m: [33m[MessageRouter] Ignoring auth message with null token (handshake scenario).[0m
[36m2025-04-01 14:03:29[0m [32m[INFO][39m: [33m[PubSub] Message received on channel "user-events"[0m
[36m2025-04-01 14:03:29[0m [32m[INFO][39m: [33m[PubSub] Raw message: {"type":"login_failure","userId":"unknown","error":"ERR syntax error","timestamp":"2025-04-01T13:03:29.792Z"}[0m
[36m2025-04-01 14:03:29[0m [32m[INFO][39m: [33m[PubSub] Broadcasting login_failure message to all clients[0m
[36m2025-04-01 14:04:28[0m [32m[INFO][39m: [33m[PubSub] Message received on channel "user-events"[0m
[36m2025-04-01 14:04:28[0m [32m[INFO][39m: [33m[PubSub] Raw message: {"type":"login_failure","userId":"unknown","error":"ERR syntax error","timestamp":"2025-04-01T13:04:28.402Z"}[0m
[36m2025-04-01 14:04:28[0m [32m[INFO][39m: [33m[PubSub] Broadcasting login_failure message to all clients[0m
[36m2025-04-01 14:04:46[0m [32m[INFO][39m: [33m[MessageRouter] Raw message received:[0m
[36m2025-04-01 14:04:46[0m [32m[INFO][39m: [33m[MessageRouter] Parsed message:[0m
[36m2025-04-01 14:04:46[0m [32m[INFO][39m: [33m[MessageRouter] Determined event:[0m
[36m2025-04-01 14:04:46[0m [34m[DEBUG][39m: [33m[MessageRouter] Ignoring auth message with null token (handshake scenario).[0m
[36m2025-04-01 14:04:50[0m [32m[INFO][39m: [33m[MessageRouter] Raw message received:[0m
[36m2025-04-01 14:04:50[0m [32m[INFO][39m: [33m[MessageRouter] Parsed message:[0m
[36m2025-04-01 14:04:50[0m [32m[INFO][39m: [33m[MessageRouter] Determined event:[0m
[36m2025-04-01 14:04:50[0m [34m[DEBUG][39m: [33m[MessageRouter] Ignoring auth message with null token (handshake scenario).[0m
[36m2025-04-01 14:05:20[0m [32m[INFO][39m: [33m[MessageRouter] Raw message received:[0m
[36m2025-04-01 14:05:20[0m [32m[INFO][39m: [33m[MessageRouter] Parsed message:[0m
[36m2025-04-01 14:05:20[0m [32m[INFO][39m: [33m[MessageRouter] Determined event:[0m
[36m2025-04-01 14:05:20[0m [34m[DEBUG][39m: [33m[MessageRouter] Ignoring auth message with null token (handshake scenario).[0m
[36m2025-04-01 14:05:20[0m [32m[INFO][39m: [33m[MessageRouter] Raw message received:[0m
[36m2025-04-01 14:05:20[0m [32m[INFO][39m: [33m[MessageRouter] Parsed message:[0m
[36m2025-04-01 14:05:20[0m [32m[INFO][39m: [33m[MessageRouter] Determined event:[0m
[36m2025-04-01 14:05:20[0m [34m[DEBUG][39m: [33m[MessageRouter] Ignoring auth message with null token (handshake scenario).[0m
[36m2025-04-01 14:05:33[0m [32m[INFO][39m: [33m[MessageRouter] Raw message received:[0m
[36m2025-04-01 14:05:33[0m [32m[INFO][39m: [33m[MessageRouter] Parsed message:[0m
[36m2025-04-01 14:05:33[0m [32m[INFO][39m: [33m[MessageRouter] Determined event:[0m
[36m2025-04-01 14:05:33[0m [34m[DEBUG][39m: [33m[MessageRouter] Ignoring auth message with null token (handshake scenario).[0m
[36m2025-04-01 14:05:33[0m [32m[INFO][39m: [33m[MessageRouter] Raw message received:[0m
[36m2025-04-01 14:05:33[0m [32m[INFO][39m: [33m[MessageRouter] Parsed message:[0m
[36m2025-04-01 14:05:33[0m [32m[INFO][39m: [33m[MessageRouter] Determined event:[0m
[36m2025-04-01 14:05:33[0m [34m[DEBUG][39m: [33m[MessageRouter] Ignoring auth message with null token (handshake scenario).[0m
[36m2025-04-01 14:05:35[0m [32m[INFO][39m: [33m[MessageRouter] Raw message received:[0m
[36m2025-04-01 14:05:35[0m [32m[INFO][39m: [33m[MessageRouter] Parsed message:[0m
[36m2025-04-01 14:05:35[0m [32m[INFO][39m: [33m[MessageRouter] Determined event:[0m
[36m2025-04-01 14:05:35[0m [34m[DEBUG][39m: [33m[MessageRouter] Ignoring auth message with null token (handshake scenario).[0m
[36m2025-04-01 14:09:00[0m [32m[INFO][39m: [33m[PubSub] Message received on channel "user-events"[0m
[36m2025-04-01 14:09:00[0m [32m[INFO][39m: [33m[PubSub] Raw message: {"type":"login_failure","userId":"unknown","error":"ERR syntax error","timestamp":"2025-04-01T13:09:00.271Z"}[0m
[36m2025-04-01 14:09:00[0m [32m[INFO][39m: [33m[PubSub] Broadcasting login_failure message to all clients[0m
[36m2025-04-01 14:12:02[0m [32m[INFO][39m: [33m[PubSub] Message received on channel "user-events"[0m
[36m2025-04-01 14:12:02[0m [32m[INFO][39m: [33m[PubSub] Raw message: {"type":"login_failure","userId":"unknown","error":"ERR syntax error","timestamp":"2025-04-01T13:12:02.376Z"}[0m
[36m2025-04-01 14:12:02[0m [32m[INFO][39m: [33m[PubSub] Broadcasting login_failure message to all clients[0m
[36m2025-04-01 14:21:40[0m [32m[INFO][39m: [33m[PubSub] Message received on channel "user-events"[0m
[36m2025-04-01 14:21:40[0m [32m[INFO][39m: [33m[PubSub] Raw message: {"type":"login_failure","userId":"unknown","error":"ERR syntax error","timestamp":"2025-04-01T13:21:40.171Z"}[0m
[36m2025-04-01 14:21:40[0m [32m[INFO][39m: [33m[PubSub] Broadcasting login_failure message to all clients[0m
[36m2025-04-01 14:22:09[0m [32m[INFO][39m: [33m[PubSub] Message received on channel "user-events"[0m
[36m2025-04-01 14:22:09[0m [32m[INFO][39m: [33m[PubSub] Raw message: {"type":"login_failure","userId":"unknown","error":"ERR syntax error","timestamp":"2025-04-01T13:22:09.823Z"}[0m
[36m2025-04-01 14:22:09[0m [32m[INFO][39m: [33m[PubSub] Broadcasting login_failure message to all clients[0m
[36m2025-04-01 14:24:11[0m [32m[INFO][39m: [33m[PubSub] Message received on channel "user-events"[0m
[36m2025-04-01 14:24:11[0m [32m[INFO][39m: [33m[PubSub] Raw message: {"type":"login_failure","userId":"db3432ad-d6f4-411d-a2dd-d9f7bda823ca","connectionId":"0cad1712-6572-43ae-bdf9-bb30060acc4d","error":"ERR syntax error","timestamp":"2025-04-01T13:24:11.597Z"}[0m
[36m2025-04-01 14:24:11[0m [32m[INFO][39m: [33m[PubSub] Parsed message -> Event: login_failure, ConnectionId: 0cad1712-6572-43ae-bdf9-bb30060acc4d, Data: {"type":"login_failure","userId":"db3432ad-d6f4-411d-a2dd-d9f7bda823ca","connectionId":"0cad1712-6572-43ae-bdf9-bb30060acc4d","error":"ERR syntax error","timestamp":"2025-04-01T13:24:11.597Z"}[0m
[36m2025-04-01 14:24:11[0m [32m[INFO][39m: [33m[PubSub] Message sent to connectionId 0cad1712-6572-43ae-bdf9-bb30060acc4d[0m
[36m2025-04-01 14:26:00[0m [32m[INFO][39m: [33m[PubSub] Message received on channel "user-events"[0m
[36m2025-04-01 14:26:00[0m [32m[INFO][39m: [33m[PubSub] Raw message: {"type":"login_failure","userId":"db3432ad-d6f4-411d-a2dd-d9f7bda823ca","connectionId":"0cad1712-6572-43ae-bdf9-bb30060acc4d","error":"ERR syntax error","timestamp":"2025-04-01T13:26:00.397Z"}[0m
[36m2025-04-01 14:26:00[0m [32m[INFO][39m: [33m[PubSub] Parsed message -> Event: login_failure, ConnectionId: 0cad1712-6572-43ae-bdf9-bb30060acc4d, Data: {"type":"login_failure","userId":"db3432ad-d6f4-411d-a2dd-d9f7bda823ca","connectionId":"0cad1712-6572-43ae-bdf9-bb30060acc4d","error":"ERR syntax error","timestamp":"2025-04-01T13:26:00.397Z"}[0m
[36m2025-04-01 14:26:00[0m [32m[INFO][39m: [33m[PubSub] Message sent to connectionId 0cad1712-6572-43ae-bdf9-bb30060acc4d[0m
[36m2025-04-01 14:31:09[0m [32m[INFO][39m: [33m[PubSub] Message received on channel "user-events"[0m
[36m2025-04-01 14:31:09[0m [32m[INFO][39m: [33m[PubSub] Raw message: {"type":"login_failure","userId":"db3432ad-d6f4-411d-a2dd-d9f7bda823ca","connectionId":"0cad1712-6572-43ae-bdf9-bb30060acc4d","error":"ERR syntax error","timestamp":"2025-04-01T13:31:09.437Z"}[0m
[36m2025-04-01 14:31:09[0m [32m[INFO][39m: [33m[PubSub] Parsed message -> Event: login_failure, ConnectionId: 0cad1712-6572-43ae-bdf9-bb30060acc4d, Data: {"type":"login_failure","userId":"db3432ad-d6f4-411d-a2dd-d9f7bda823ca","connectionId":"0cad1712-6572-43ae-bdf9-bb30060acc4d","error":"ERR syntax error","timestamp":"2025-04-01T13:31:09.437Z"}[0m
[36m2025-04-01 14:31:09[0m [32m[INFO][39m: [33m[PubSub] Message sent to connectionId 0cad1712-6572-43ae-bdf9-bb30060acc4d[0m
[36m2025-04-01 14:31:59[0m [32m[INFO][39m: [33m[PubSub] Message received on channel "user-events"[0m
[36m2025-04-01 14:31:59[0m [32m[INFO][39m: [33m[PubSub] Raw message: {"type":"login_failure","userId":"db3432ad-d6f4-411d-a2dd-d9f7bda823ca","connectionId":"ef393663-e149-4673-82f0-2f71e9fb8e95","error":"ERR syntax error","timestamp":"2025-04-01T13:31:59.674Z"}[0m
[36m2025-04-01 14:31:59[0m [32m[INFO][39m: [33m[PubSub] Parsed message -> Event: login_failure, ConnectionId: ef393663-e149-4673-82f0-2f71e9fb8e95, Data: {"type":"login_failure","userId":"db3432ad-d6f4-411d-a2dd-d9f7bda823ca","connectionId":"ef393663-e149-4673-82f0-2f71e9fb8e95","error":"ERR syntax error","timestamp":"2025-04-01T13:31:59.674Z"}[0m
[36m2025-04-01 14:31:59[0m [32m[INFO][39m: [33m[PubSub] Message sent to connectionId ef393663-e149-4673-82f0-2f71e9fb8e95[0m
[36m2025-04-01 14:37:20[0m [32m[INFO][39m: [33m[PubSub] Message received on channel "user-events"[0m
[36m2025-04-01 14:37:20[0m [32m[INFO][39m: [33m[PubSub] Raw message: {"type":"login_failure","userId":"db3432ad-d6f4-411d-a2dd-d9f7bda823ca","connectionId":"ef393663-e149-4673-82f0-2f71e9fb8e95","error":"ERR syntax error","timestamp":"2025-04-01T13:37:20.542Z"}[0m
[36m2025-04-01 14:37:20[0m [32m[INFO][39m: [33m[PubSub] Parsed message -> Event: login_failure, ConnectionId: ef393663-e149-4673-82f0-2f71e9fb8e95, Data: {"type":"login_failure","userId":"db3432ad-d6f4-411d-a2dd-d9f7bda823ca","connectionId":"ef393663-e149-4673-82f0-2f71e9fb8e95","error":"ERR syntax error","timestamp":"2025-04-01T13:37:20.542Z"}[0m
[36m2025-04-01 14:37:20[0m [32m[INFO][39m: [33m[PubSub] Message sent to connectionId ef393663-e149-4673-82f0-2f71e9fb8e95[0m
[36m2025-04-01 14:39:47[0m [32m[INFO][39m: [33m[PubSub] Message received on channel "user-events"[0m
[36m2025-04-01 14:39:47[0m [32m[INFO][39m: [33m[PubSub] Raw message: {"type":"login_failure","userId":"db3432ad-d6f4-411d-a2dd-d9f7bda823ca","connectionId":"ef393663-e149-4673-82f0-2f71e9fb8e95","error":"ERR syntax error","timestamp":"2025-04-01T13:39:47.407Z"}[0m
[36m2025-04-01 14:39:47[0m [32m[INFO][39m: [33m[PubSub] Parsed message -> Event: login_failure, ConnectionId: ef393663-e149-4673-82f0-2f71e9fb8e95, Data: {"type":"login_failure","userId":"db3432ad-d6f4-411d-a2dd-d9f7bda823ca","connectionId":"ef393663-e149-4673-82f0-2f71e9fb8e95","error":"ERR syntax error","timestamp":"2025-04-01T13:39:47.407Z"}[0m
[36m2025-04-01 14:39:47[0m [32m[INFO][39m: [33m[PubSub] Message sent to connectionId ef393663-e149-4673-82f0-2f71e9fb8e95[0m
[36m2025-04-01 14:44:24[0m [32m[INFO][39m: [33m[PubSub] Message received on channel "user-events"[0m
[36m2025-04-01 14:44:24[0m [32m[INFO][39m: [33m[PubSub] Raw message: {"type":"login_failure","userId":"db3432ad-d6f4-411d-a2dd-d9f7bda823ca","connectionId":"ef393663-e149-4673-82f0-2f71e9fb8e95","error":"ERR syntax error","timestamp":"2025-04-01T13:44:24.700Z"}[0m
[36m2025-04-01 14:44:24[0m [32m[INFO][39m: [33m[PubSub] Parsed message -> Event: login_failure, ConnectionId: ef393663-e149-4673-82f0-2f71e9fb8e95, Data: {"type":"login_failure","userId":"db3432ad-d6f4-411d-a2dd-d9f7bda823ca","connectionId":"ef393663-e149-4673-82f0-2f71e9fb8e95","error":"ERR syntax error","timestamp":"2025-04-01T13:44:24.700Z"}[0m
[36m2025-04-01 14:44:24[0m [32m[INFO][39m: [33m[PubSub] Message sent to connectionId ef393663-e149-4673-82f0-2f71e9fb8e95[0m
[36m2025-04-01 15:07:13[0m [32m[INFO][39m: [33m[PubSub] Message received on channel "user-events"[0m
[36m2025-04-01 15:07:13[0m [32m[INFO][39m: [33m[PubSub] Raw message: {"type":"login_failure","userId":"db3432ad-d6f4-411d-a2dd-d9f7bda823ca","connectionId":"ef393663-e149-4673-82f0-2f71e9fb8e95","error":"ERR syntax error","timestamp":"2025-04-01T14:07:13.476Z"}[0m
[36m2025-04-01 15:07:13[0m [32m[INFO][39m: [33m[PubSub] Parsed message -> Event: login_failure, ConnectionId: ef393663-e149-4673-82f0-2f71e9fb8e95, Data: {"type":"login_failure","userId":"db3432ad-d6f4-411d-a2dd-d9f7bda823ca","connectionId":"ef393663-e149-4673-82f0-2f71e9fb8e95","error":"ERR syntax error","timestamp":"2025-04-01T14:07:13.476Z"}[0m
[36m2025-04-01 15:07:13[0m [32m[INFO][39m: [33m[PubSub] Message sent to connectionId ef393663-e149-4673-82f0-2f71e9fb8e95[0m
[36m2025-04-01 15:07:49[0m [32m[INFO][39m: [33m[PubSub] Message received on channel "user-events"[0m
[36m2025-04-01 15:07:49[0m [32m[INFO][39m: [33m[PubSub] Raw message: {"type":"login_failure","userId":"db3432ad-d6f4-411d-a2dd-d9f7bda823ca","connectionId":"ef393663-e149-4673-82f0-2f71e9fb8e95","error":"ERR syntax error","timestamp":"2025-04-01T14:07:49.015Z"}[0m
[36m2025-04-01 15:07:49[0m [32m[INFO][39m: [33m[PubSub] Parsed message -> Event: login_failure, ConnectionId: ef393663-e149-4673-82f0-2f71e9fb8e95, Data: {"type":"login_failure","userId":"db3432ad-d6f4-411d-a2dd-d9f7bda823ca","connectionId":"ef393663-e149-4673-82f0-2f71e9fb8e95","error":"ERR syntax error","timestamp":"2025-04-01T14:07:49.015Z"}[0m
[36m2025-04-01 15:07:49[0m [32m[INFO][39m: [33m[PubSub] Message sent to connectionId ef393663-e149-4673-82f0-2f71e9fb8e95[0m
[36m2025-04-01 15:10:14[0m [32m[INFO][39m: [33m[PubSub] Message received on channel "user-events"[0m
[36m2025-04-01 15:10:14[0m [32m[INFO][39m: [33m[PubSub] Raw message: {"type":"login_failure","userId":"db3432ad-d6f4-411d-a2dd-d9f7bda823ca","connectionId":"ef393663-e149-4673-82f0-2f71e9fb8e95","error":"ERR syntax error","timestamp":"2025-04-01T14:10:14.402Z"}[0m
[36m2025-04-01 15:10:14[0m [32m[INFO][39m: [33m[PubSub] Parsed message -> Event: login_failure, ConnectionId: ef393663-e149-4673-82f0-2f71e9fb8e95, Data: {"type":"login_failure","userId":"db3432ad-d6f4-411d-a2dd-d9f7bda823ca","connectionId":"ef393663-e149-4673-82f0-2f71e9fb8e95","error":"ERR syntax error","timestamp":"2025-04-01T14:10:14.402Z"}[0m
[36m2025-04-01 15:10:14[0m [32m[INFO][39m: [33m[PubSub] Message sent to connectionId ef393663-e149-4673-82f0-2f71e9fb8e95[0m
[36m2025-04-01 15:12:53[0m [32m[INFO][39m: [33m[PubSub] Message received on channel "user-events"[0m
[36m2025-04-01 15:12:53[0m [32m[INFO][39m: [33m[PubSub] Raw message: {"type":"new_device_detected","userId":"db3432ad-d6f4-411d-a2dd-d9f7bda823ca","deviceId":"Win32 | Mozilla/5.0 (Windows NT 10.0; Win64; x64) AppleWebKit/537.36 (KHTML, like Gecko) Chrome/134.0.0.0 Safari/537.36 Edg/134.0.0.0 | en-GB | Europe/London","connectionId":"ef393663-e149-4673-82f0-2f71e9fb8e95","timestamp":"2025-04-01T14:12:53.775Z"}[0m
[36m2025-04-01 15:12:53[0m [32m[INFO][39m: [33m[PubSub] Parsed message -> Event: new_device_detected, ConnectionId: ef393663-e149-4673-82f0-2f71e9fb8e95, Data: {"type":"new_device_detected","userId":"db3432ad-d6f4-411d-a2dd-d9f7bda823ca","deviceId":"Win32 | Mozilla/5.0 (Windows NT 10.0; Win64; x64) AppleWebKit/537.36 (KHTML, like Gecko) Chrome/134.0.0.0 Safari/537.36 Edg/134.0.0.0 | en-GB | Europe/London","connectionId":"ef393663-e149-4673-82f0-2f71e9fb8e95","timestamp":"2025-04-01T14:12:53.775Z"}[0m
[36m2025-04-01 15:12:53[0m [32m[INFO][39m: [33m[PubSub] Message sent to connectionId ef393663-e149-4673-82f0-2f71e9fb8e95[0m
[36m2025-04-01 15:38:33[0m [32m[INFO][39m: [33m[PubSub] Message received on channel "user-events"[0m
[36m2025-04-01 15:38:33[0m [32m[INFO][39m: [33m[PubSub] Raw message: {"type":"new_device_detected","userId":"db3432ad-d6f4-411d-a2dd-d9f7bda823ca","deviceId":"Win32 | Mozilla/5.0 (Windows NT 10.0; Win64; x64) AppleWebKit/537.36 (KHTML, like Gecko) Chrome/134.0.0.0 Safari/537.36 Edg/134.0.0.0 | en-GB | Europe/London","connectionId":"127938f6-fdd5-40f5-9abf-c5013eac8490","timestamp":"2025-04-01T14:38:33.543Z"}[0m
[36m2025-04-01 15:38:33[0m [32m[INFO][39m: [33m[PubSub] Parsed message -> Event: new_device_detected, ConnectionId: 127938f6-fdd5-40f5-9abf-c5013eac8490, Data: {"type":"new_device_detected","userId":"db3432ad-d6f4-411d-a2dd-d9f7bda823ca","deviceId":"Win32 | Mozilla/5.0 (Windows NT 10.0; Win64; x64) AppleWebKit/537.36 (KHTML, like Gecko) Chrome/134.0.0.0 Safari/537.36 Edg/134.0.0.0 | en-GB | Europe/London","connectionId":"127938f6-fdd5-40f5-9abf-c5013eac8490","timestamp":"2025-04-01T14:38:33.543Z"}[0m
[36m2025-04-01 15:38:33[0m [33m[WARN][39m: [33m[PubSub] No active socket found for connectionId 127938f6-fdd5-40f5-9abf-c5013eac8490[0m
[36m2025-04-01 15:39:32[0m [32m[INFO][39m: [33m[PubSub] Message received on channel "user-events"[0m
[36m2025-04-01 15:39:32[0m [32m[INFO][39m: [33m[PubSub] Raw message: {"type":"new_device_detected","userId":"db3432ad-d6f4-411d-a2dd-d9f7bda823ca","deviceId":"Win32 | Mozilla/5.0 (Windows NT 10.0; Win64; x64) AppleWebKit/537.36 (KHTML, like Gecko) Chrome/134.0.0.0 Safari/537.36 Edg/134.0.0.0 | en-GB | Europe/London","connectionId":"f7bb87e6-1ef8-497b-80fc-6cc2af3fc8e2","timestamp":"2025-04-01T14:39:32.715Z"}[0m
[36m2025-04-01 15:39:32[0m [32m[INFO][39m: [33m[PubSub] Parsed message -> Event: new_device_detected, ConnectionId: f7bb87e6-1ef8-497b-80fc-6cc2af3fc8e2, Data: {"type":"new_device_detected","userId":"db3432ad-d6f4-411d-a2dd-d9f7bda823ca","deviceId":"Win32 | Mozilla/5.0 (Windows NT 10.0; Win64; x64) AppleWebKit/537.36 (KHTML, like Gecko) Chrome/134.0.0.0 Safari/537.36 Edg/134.0.0.0 | en-GB | Europe/London","connectionId":"f7bb87e6-1ef8-497b-80fc-6cc2af3fc8e2","timestamp":"2025-04-01T14:39:32.715Z"}[0m
[36m2025-04-01 15:39:32[0m [33m[WARN][39m: [33m[PubSub] No active socket found for connectionId f7bb87e6-1ef8-497b-80fc-6cc2af3fc8e2[0m
[36m2025-04-01 15:40:52[0m [32m[INFO][39m: [33m[PubSub] Message received on channel "user-events"[0m
[36m2025-04-01 15:40:52[0m [32m[INFO][39m: [33m[PubSub] Raw message: {"type":"new_device_detected","userId":"db3432ad-d6f4-411d-a2dd-d9f7bda823ca","deviceId":"Win32 | Mozilla/5.0 (Windows NT 10.0; Win64; x64) AppleWebKit/537.36 (KHTML, like Gecko) Chrome/134.0.0.0 Safari/537.36 Edg/134.0.0.0 | en-GB | Europe/London","connectionId":"b6c58400-7c36-4f9a-a5b4-4082824d27ac","timestamp":"2025-04-01T14:40:52.279Z"}[0m
[36m2025-04-01 15:40:52[0m [32m[INFO][39m: [33m[PubSub] Parsed message -> Event: new_device_detected, ConnectionId: b6c58400-7c36-4f9a-a5b4-4082824d27ac, Data: {"type":"new_device_detected","userId":"db3432ad-d6f4-411d-a2dd-d9f7bda823ca","deviceId":"Win32 | Mozilla/5.0 (Windows NT 10.0; Win64; x64) AppleWebKit/537.36 (KHTML, like Gecko) Chrome/134.0.0.0 Safari/537.36 Edg/134.0.0.0 | en-GB | Europe/London","connectionId":"b6c58400-7c36-4f9a-a5b4-4082824d27ac","timestamp":"2025-04-01T14:40:52.279Z"}[0m
[36m2025-04-01 15:40:52[0m [32m[INFO][39m: [33m[PubSub] Message sent to connectionId b6c58400-7c36-4f9a-a5b4-4082824d27ac[0m
[36m2025-04-01 15:51:11[0m [32m[INFO][39m: [33m[PubSub] Message received on channel "user-events"[0m
[36m2025-04-01 15:51:11[0m [32m[INFO][39m: [33m[PubSub] Raw message: {"type":"new_device_detected","userId":"db3432ad-d6f4-411d-a2dd-d9f7bda823ca","deviceId":"Win32 | Mozilla/5.0 (Windows NT 10.0; Win64; x64) AppleWebKit/537.36 (KHTML, like Gecko) Chrome/134.0.0.0 Safari/537.36 Edg/134.0.0.0 | en-GB | Europe/London","connectionId":"9f6114ac-61dc-46e8-aef9-7ca6191d72fe","timestamp":"2025-04-01T14:51:11.054Z"}[0m
[36m2025-04-01 15:51:11[0m [32m[INFO][39m: [33m[PubSub] Parsed message -> Event: new_device_detected, ConnectionId: 9f6114ac-61dc-46e8-aef9-7ca6191d72fe, Data: {"type":"new_device_detected","userId":"db3432ad-d6f4-411d-a2dd-d9f7bda823ca","deviceId":"Win32 | Mozilla/5.0 (Windows NT 10.0; Win64; x64) AppleWebKit/537.36 (KHTML, like Gecko) Chrome/134.0.0.0 Safari/537.36 Edg/134.0.0.0 | en-GB | Europe/London","connectionId":"9f6114ac-61dc-46e8-aef9-7ca6191d72fe","timestamp":"2025-04-01T14:51:11.054Z"}[0m
[36m2025-04-01 15:51:11[0m [33m[WARN][39m: [33m[PubSub] No active socket found for connectionId 9f6114ac-61dc-46e8-aef9-7ca6191d72fe[0m
[36m2025-04-01 15:52:09[0m [32m[INFO][39m: [33m[PubSub] Message received on channel "user-events"[0m
[36m2025-04-01 15:52:09[0m [32m[INFO][39m: [33m[PubSub] Raw message: {"type":"new_device_detected","userId":"db3432ad-d6f4-411d-a2dd-d9f7bda823ca","deviceId":"Win32 | Mozilla/5.0 (Windows NT 10.0; Win64; x64) AppleWebKit/537.36 (KHTML, like Gecko) Chrome/134.0.0.0 Safari/537.36 Edg/134.0.0.0 | en-GB | Europe/London","connectionId":"ff08fab5-6d2a-4094-b92e-210deea9de5c","timestamp":"2025-04-01T14:52:09.784Z"}[0m
[36m2025-04-01 15:52:09[0m [32m[INFO][39m: [33m[PubSub] Parsed message -> Event: new_device_detected, ConnectionId: ff08fab5-6d2a-4094-b92e-210deea9de5c, Data: {"type":"new_device_detected","userId":"db3432ad-d6f4-411d-a2dd-d9f7bda823ca","deviceId":"Win32 | Mozilla/5.0 (Windows NT 10.0; Win64; x64) AppleWebKit/537.36 (KHTML, like Gecko) Chrome/134.0.0.0 Safari/537.36 Edg/134.0.0.0 | en-GB | Europe/London","connectionId":"ff08fab5-6d2a-4094-b92e-210deea9de5c","timestamp":"2025-04-01T14:52:09.784Z"}[0m
[36m2025-04-01 15:52:09[0m [33m[WARN][39m: [33m[PubSub] No active socket found for connectionId ff08fab5-6d2a-4094-b92e-210deea9de5c[0m
[36m2025-04-01 15:55:57[0m [32m[INFO][39m: [33m[PubSub] Message received on channel "user-events"[0m
[36m2025-04-01 15:55:57[0m [32m[INFO][39m: [33m[PubSub] Raw message: {"type":"new_device_detected","userId":"db3432ad-d6f4-411d-a2dd-d9f7bda823ca","deviceId":"Win32 | Mozilla/5.0 (Windows NT 10.0; Win64; x64) AppleWebKit/537.36 (KHTML, like Gecko) Chrome/134.0.0.0 Safari/537.36 Edg/134.0.0.0 | en-GB | Europe/London","connectionId":"3407b0e8-e4e8-4b38-992f-62a18da687f5","timestamp":"2025-04-01T14:55:57.704Z"}[0m
[36m2025-04-01 15:55:57[0m [32m[INFO][39m: [33m[PubSub] Parsed message -> Event: new_device_detected, ConnectionId: 3407b0e8-e4e8-4b38-992f-62a18da687f5, Data: {"type":"new_device_detected","userId":"db3432ad-d6f4-411d-a2dd-d9f7bda823ca","deviceId":"Win32 | Mozilla/5.0 (Windows NT 10.0; Win64; x64) AppleWebKit/537.36 (KHTML, like Gecko) Chrome/134.0.0.0 Safari/537.36 Edg/134.0.0.0 | en-GB | Europe/London","connectionId":"3407b0e8-e4e8-4b38-992f-62a18da687f5","timestamp":"2025-04-01T14:55:57.704Z"}[0m
[36m2025-04-01 15:55:57[0m [32m[INFO][39m: [33m[PubSub] Message sent to connectionId 3407b0e8-e4e8-4b38-992f-62a18da687f5[0m
[36m2025-04-01 15:59:10[0m [32m[INFO][39m: [33m[PubSub] Message received on channel "user-events"[0m
[36m2025-04-01 15:59:10[0m [32m[INFO][39m: [33m[PubSub] Raw message: {"type":"new_device_detected","userId":"db3432ad-d6f4-411d-a2dd-d9f7bda823ca","deviceId":"Win32 | Mozilla/5.0 (Windows NT 10.0; Win64; x64) AppleWebKit/537.36 (KHTML, like Gecko) Chrome/134.0.0.0 Safari/537.36 Edg/134.0.0.0 | en-GB | Europe/London","connectionId":"3407b0e8-e4e8-4b38-992f-62a18da687f5","timestamp":"2025-04-01T14:59:10.261Z"}[0m
[36m2025-04-01 15:59:10[0m [32m[INFO][39m: [33m[PubSub] Parsed message -> Event: new_device_detected, ConnectionId: 3407b0e8-e4e8-4b38-992f-62a18da687f5, Data: {"type":"new_device_detected","userId":"db3432ad-d6f4-411d-a2dd-d9f7bda823ca","deviceId":"Win32 | Mozilla/5.0 (Windows NT 10.0; Win64; x64) AppleWebKit/537.36 (KHTML, like Gecko) Chrome/134.0.0.0 Safari/537.36 Edg/134.0.0.0 | en-GB | Europe/London","connectionId":"3407b0e8-e4e8-4b38-992f-62a18da687f5","timestamp":"2025-04-01T14:59:10.261Z"}[0m
[36m2025-04-01 15:59:10[0m [32m[INFO][39m: [33m[PubSub] Message sent to connectionId 3407b0e8-e4e8-4b38-992f-62a18da687f5[0m
[36m2025-04-01 15:59:41[0m [32m[INFO][39m: [33m[PubSub] Message received on channel "user-events"[0m
[36m2025-04-01 15:59:41[0m [32m[INFO][39m: [33m[PubSub] Raw message: {"type":"new_device_detected","userId":"db3432ad-d6f4-411d-a2dd-d9f7bda823ca","deviceId":"Win32 | Mozilla/5.0 (Windows NT 10.0; Win64; x64) AppleWebKit/537.36 (KHTML, like Gecko) Chrome/134.0.0.0 Safari/537.36 Edg/134.0.0.0 | en-GB | Europe/London","connectionId":"c788f68d-3542-4551-b2a3-3964d71d8d92","timestamp":"2025-04-01T14:59:41.748Z"}[0m
[36m2025-04-01 15:59:41[0m [32m[INFO][39m: [33m[PubSub] Parsed message -> Event: new_device_detected, ConnectionId: c788f68d-3542-4551-b2a3-3964d71d8d92, Data: {"type":"new_device_detected","userId":"db3432ad-d6f4-411d-a2dd-d9f7bda823ca","deviceId":"Win32 | Mozilla/5.0 (Windows NT 10.0; Win64; x64) AppleWebKit/537.36 (KHTML, like Gecko) Chrome/134.0.0.0 Safari/537.36 Edg/134.0.0.0 | en-GB | Europe/London","connectionId":"c788f68d-3542-4551-b2a3-3964d71d8d92","timestamp":"2025-04-01T14:59:41.748Z"}[0m
[36m2025-04-01 15:59:41[0m [32m[INFO][39m: [33m[PubSub] Message sent to connectionId c788f68d-3542-4551-b2a3-3964d71d8d92[0m
[36m2025-04-01 16:02:32[0m [32m[INFO][39m: [33m[PubSub] Message received on channel "user-events"[0m
[36m2025-04-01 16:02:32[0m [32m[INFO][39m: [33m[PubSub] Raw message: {"type":"new_device_detected","userId":"db3432ad-d6f4-411d-a2dd-d9f7bda823ca","deviceId":"Win32 | Mozilla/5.0 (Windows NT 10.0; Win64; x64) AppleWebKit/537.36 (KHTML, like Gecko) Chrome/134.0.0.0 Safari/537.36 Edg/134.0.0.0 | en-GB | Europe/London","connectionId":"c788f68d-3542-4551-b2a3-3964d71d8d92","timestamp":"2025-04-01T15:02:32.635Z"}[0m
[36m2025-04-01 16:02:32[0m [32m[INFO][39m: [33m[PubSub] Parsed message -> Event: new_device_detected, ConnectionId: c788f68d-3542-4551-b2a3-3964d71d8d92, Data: {"type":"new_device_detected","userId":"db3432ad-d6f4-411d-a2dd-d9f7bda823ca","deviceId":"Win32 | Mozilla/5.0 (Windows NT 10.0; Win64; x64) AppleWebKit/537.36 (KHTML, like Gecko) Chrome/134.0.0.0 Safari/537.36 Edg/134.0.0.0 | en-GB | Europe/London","connectionId":"c788f68d-3542-4551-b2a3-3964d71d8d92","timestamp":"2025-04-01T15:02:32.635Z"}[0m
[36m2025-04-01 16:02:32[0m [32m[INFO][39m: [33m[PubSub] Message sent to connectionId c788f68d-3542-4551-b2a3-3964d71d8d92[0m
[36m2025-04-01 16:07:43[0m [32m[INFO][39m: [33m[PubSub] Message received on channel "user-events"[0m
[36m2025-04-01 16:07:43[0m [32m[INFO][39m: [33m[PubSub] Raw message: {"type":"new_device_detected","userId":"db3432ad-d6f4-411d-a2dd-d9f7bda823ca","deviceId":"Win32 | Mozilla/5.0 (Windows NT 10.0; Win64; x64) AppleWebKit/537.36 (KHTML, like Gecko) Chrome/134.0.0.0 Safari/537.36 Edg/134.0.0.0 | en-GB | Europe/London","connectionId":"d2c9ecb4-7437-4801-8ca6-e48ec6923fba","timestamp":"2025-04-01T15:07:43.942Z"}[0m
[36m2025-04-01 16:07:43[0m [32m[INFO][39m: [33m[PubSub] Parsed message -> Event: new_device_detected, ConnectionId: d2c9ecb4-7437-4801-8ca6-e48ec6923fba, Data: {"type":"new_device_detected","userId":"db3432ad-d6f4-411d-a2dd-d9f7bda823ca","deviceId":"Win32 | Mozilla/5.0 (Windows NT 10.0; Win64; x64) AppleWebKit/537.36 (KHTML, like Gecko) Chrome/134.0.0.0 Safari/537.36 Edg/134.0.0.0 | en-GB | Europe/London","connectionId":"d2c9ecb4-7437-4801-8ca6-e48ec6923fba","timestamp":"2025-04-01T15:07:43.942Z"}[0m
[36m2025-04-01 16:07:43[0m [32m[INFO][39m: [33m[PubSub] Message sent to connectionId d2c9ecb4-7437-4801-8ca6-e48ec6923fba[0m
[36m2025-04-01 16:10:16[0m [32m[INFO][39m: [33m[PubSub] Message received on channel "user-events"[0m
[36m2025-04-01 16:10:16[0m [32m[INFO][39m: [33m[PubSub] Raw message: {"type":"new_device_detected","userId":"db3432ad-d6f4-411d-a2dd-d9f7bda823ca","deviceId":"Win32 | Mozilla/5.0 (Windows NT 10.0; Win64; x64) AppleWebKit/537.36 (KHTML, like Gecko) Chrome/134.0.0.0 Safari/537.36 Edg/134.0.0.0 | en-GB | Europe/London","connectionId":"d2c9ecb4-7437-4801-8ca6-e48ec6923fba","timestamp":"2025-04-01T15:10:16.196Z"}[0m
[36m2025-04-01 16:10:16[0m [32m[INFO][39m: [33m[PubSub] Parsed message -> Event: new_device_detected, ConnectionId: d2c9ecb4-7437-4801-8ca6-e48ec6923fba, Data: {"type":"new_device_detected","userId":"db3432ad-d6f4-411d-a2dd-d9f7bda823ca","deviceId":"Win32 | Mozilla/5.0 (Windows NT 10.0; Win64; x64) AppleWebKit/537.36 (KHTML, like Gecko) Chrome/134.0.0.0 Safari/537.36 Edg/134.0.0.0 | en-GB | Europe/London","connectionId":"d2c9ecb4-7437-4801-8ca6-e48ec6923fba","timestamp":"2025-04-01T15:10:16.196Z"}[0m
[36m2025-04-01 16:10:16[0m [32m[INFO][39m: [33m[PubSub] Message sent to connectionId d2c9ecb4-7437-4801-8ca6-e48ec6923fba[0m
[36m2025-04-01 16:10:49[0m [32m[INFO][39m: [33m[PubSub] Message received on channel "user-events"[0m
[36m2025-04-01 16:10:49[0m [32m[INFO][39m: [33m[PubSub] Raw message: {"type":"new_device_detected","userId":"db3432ad-d6f4-411d-a2dd-d9f7bda823ca","deviceId":"Win32 | Mozilla/5.0 (Windows NT 10.0; Win64; x64) AppleWebKit/537.36 (KHTML, like Gecko) Chrome/134.0.0.0 Safari/537.36 Edg/134.0.0.0 | en-GB | Europe/London","connectionId":"d2c9ecb4-7437-4801-8ca6-e48ec6923fba","timestamp":"2025-04-01T15:10:49.357Z"}[0m
[36m2025-04-01 16:10:49[0m [32m[INFO][39m: [33m[PubSub] Parsed message -> Event: new_device_detected, ConnectionId: d2c9ecb4-7437-4801-8ca6-e48ec6923fba, Data: {"type":"new_device_detected","userId":"db3432ad-d6f4-411d-a2dd-d9f7bda823ca","deviceId":"Win32 | Mozilla/5.0 (Windows NT 10.0; Win64; x64) AppleWebKit/537.36 (KHTML, like Gecko) Chrome/134.0.0.0 Safari/537.36 Edg/134.0.0.0 | en-GB | Europe/London","connectionId":"d2c9ecb4-7437-4801-8ca6-e48ec6923fba","timestamp":"2025-04-01T15:10:49.357Z"}[0m
[36m2025-04-01 16:10:49[0m [32m[INFO][39m: [33m[PubSub] Message sent to connectionId d2c9ecb4-7437-4801-8ca6-e48ec6923fba[0m
[36m2025-04-01 16:11:44[0m [32m[INFO][39m: [33m[PubSub] Message received on channel "user-events"[0m
[36m2025-04-01 16:11:44[0m [32m[INFO][39m: [33m[PubSub] Raw message: {"type":"new_device_detected","userId":"db3432ad-d6f4-411d-a2dd-d9f7bda823ca","deviceId":"Win32 | Mozilla/5.0 (Windows NT 10.0; Win64; x64) AppleWebKit/537.36 (KHTML, like Gecko) Chrome/134.0.0.0 Safari/537.36 Edg/134.0.0.0 | en-GB | Europe/London","connectionId":"d2c9ecb4-7437-4801-8ca6-e48ec6923fba","timestamp":"2025-04-01T15:11:44.582Z"}[0m
[36m2025-04-01 16:11:44[0m [32m[INFO][39m: [33m[PubSub] Parsed message -> Event: new_device_detected, ConnectionId: d2c9ecb4-7437-4801-8ca6-e48ec6923fba, Data: {"type":"new_device_detected","userId":"db3432ad-d6f4-411d-a2dd-d9f7bda823ca","deviceId":"Win32 | Mozilla/5.0 (Windows NT 10.0; Win64; x64) AppleWebKit/537.36 (KHTML, like Gecko) Chrome/134.0.0.0 Safari/537.36 Edg/134.0.0.0 | en-GB | Europe/London","connectionId":"d2c9ecb4-7437-4801-8ca6-e48ec6923fba","timestamp":"2025-04-01T15:11:44.582Z"}[0m
[36m2025-04-01 16:11:44[0m [32m[INFO][39m: [33m[PubSub] Message sent to connectionId d2c9ecb4-7437-4801-8ca6-e48ec6923fba[0m
[36m2025-04-01 16:12:04[0m [32m[INFO][39m: [33m[PubSub] Message received on channel "user-events"[0m
[36m2025-04-01 16:12:04[0m [32m[INFO][39m: [33m[PubSub] Raw message: {"type":"new_device_detected","userId":"db3432ad-d6f4-411d-a2dd-d9f7bda823ca","deviceId":"Win32 | Mozilla/5.0 (Windows NT 10.0; Win64; x64) AppleWebKit/537.36 (KHTML, like Gecko) Chrome/134.0.0.0 Safari/537.36 Edg/134.0.0.0 | en-GB | Europe/London","connectionId":"d2c9ecb4-7437-4801-8ca6-e48ec6923fba","timestamp":"2025-04-01T15:12:04.189Z"}[0m
[36m2025-04-01 16:12:04[0m [32m[INFO][39m: [33m[PubSub] Parsed message -> Event: new_device_detected, ConnectionId: d2c9ecb4-7437-4801-8ca6-e48ec6923fba, Data: {"type":"new_device_detected","userId":"db3432ad-d6f4-411d-a2dd-d9f7bda823ca","deviceId":"Win32 | Mozilla/5.0 (Windows NT 10.0; Win64; x64) AppleWebKit/537.36 (KHTML, like Gecko) Chrome/134.0.0.0 Safari/537.36 Edg/134.0.0.0 | en-GB | Europe/London","connectionId":"d2c9ecb4-7437-4801-8ca6-e48ec6923fba","timestamp":"2025-04-01T15:12:04.189Z"}[0m
[36m2025-04-01 16:12:04[0m [32m[INFO][39m: [33m[PubSub] Message sent to connectionId d2c9ecb4-7437-4801-8ca6-e48ec6923fba[0m
[36m2025-04-01 16:12:31[0m [32m[INFO][39m: [33m[PubSub] Message received on channel "user-events"[0m
[36m2025-04-01 16:12:31[0m [32m[INFO][39m: [33m[PubSub] Raw message: {"type":"new_device_detected","userId":"db3432ad-d6f4-411d-a2dd-d9f7bda823ca","deviceId":"Win32 | Mozilla/5.0 (Windows NT 10.0; Win64; x64) AppleWebKit/537.36 (KHTML, like Gecko) Chrome/134.0.0.0 Safari/537.36 Edg/134.0.0.0 | en-GB | Europe/London","connectionId":"d2c9ecb4-7437-4801-8ca6-e48ec6923fba","timestamp":"2025-04-01T15:12:31.717Z"}[0m
[36m2025-04-01 16:12:31[0m [32m[INFO][39m: [33m[PubSub] Parsed message -> Event: new_device_detected, ConnectionId: d2c9ecb4-7437-4801-8ca6-e48ec6923fba, Data: {"type":"new_device_detected","userId":"db3432ad-d6f4-411d-a2dd-d9f7bda823ca","deviceId":"Win32 | Mozilla/5.0 (Windows NT 10.0; Win64; x64) AppleWebKit/537.36 (KHTML, like Gecko) Chrome/134.0.0.0 Safari/537.36 Edg/134.0.0.0 | en-GB | Europe/London","connectionId":"d2c9ecb4-7437-4801-8ca6-e48ec6923fba","timestamp":"2025-04-01T15:12:31.717Z"}[0m
[36m2025-04-01 16:12:31[0m [32m[INFO][39m: [33m[PubSub] Message sent to connectionId d2c9ecb4-7437-4801-8ca6-e48ec6923fba[0m
[36m2025-04-01 16:12:51[0m [32m[INFO][39m: [33m[PubSub] Message received on channel "user-events"[0m
[36m2025-04-01 16:12:51[0m [32m[INFO][39m: [33m[PubSub] Raw message: {"type":"new_device_detected","userId":"db3432ad-d6f4-411d-a2dd-d9f7bda823ca","deviceId":"Win32 | Mozilla/5.0 (Windows NT 10.0; Win64; x64) AppleWebKit/537.36 (KHTML, like Gecko) Chrome/134.0.0.0 Safari/537.36 Edg/134.0.0.0 | en-GB | Europe/London","connectionId":"d2c9ecb4-7437-4801-8ca6-e48ec6923fba","timestamp":"2025-04-01T15:12:51.296Z"}[0m
[36m2025-04-01 16:12:51[0m [32m[INFO][39m: [33m[PubSub] Parsed message -> Event: new_device_detected, ConnectionId: d2c9ecb4-7437-4801-8ca6-e48ec6923fba, Data: {"type":"new_device_detected","userId":"db3432ad-d6f4-411d-a2dd-d9f7bda823ca","deviceId":"Win32 | Mozilla/5.0 (Windows NT 10.0; Win64; x64) AppleWebKit/537.36 (KHTML, like Gecko) Chrome/134.0.0.0 Safari/537.36 Edg/134.0.0.0 | en-GB | Europe/London","connectionId":"d2c9ecb4-7437-4801-8ca6-e48ec6923fba","timestamp":"2025-04-01T15:12:51.296Z"}[0m
[36m2025-04-01 16:12:51[0m [32m[INFO][39m: [33m[PubSub] Message sent to connectionId d2c9ecb4-7437-4801-8ca6-e48ec6923fba[0m
[36m2025-04-01 16:13:48[0m [32m[INFO][39m: [33m[PubSub] Message received on channel "user-events"[0m
[36m2025-04-01 16:13:48[0m [32m[INFO][39m: [33m[PubSub] Raw message: {"type":"new_device_detected","userId":"db3432ad-d6f4-411d-a2dd-d9f7bda823ca","deviceId":"Win32 | Mozilla/5.0 (Windows NT 10.0; Win64; x64) AppleWebKit/537.36 (KHTML, like Gecko) Chrome/134.0.0.0 Safari/537.36 Edg/134.0.0.0 | en-GB | Europe/London","connectionId":"d2c9ecb4-7437-4801-8ca6-e48ec6923fba","timestamp":"2025-04-01T15:13:48.011Z"}[0m
[36m2025-04-01 16:13:48[0m [32m[INFO][39m: [33m[PubSub] Parsed message -> Event: new_device_detected, ConnectionId: d2c9ecb4-7437-4801-8ca6-e48ec6923fba, Data: {"type":"new_device_detected","userId":"db3432ad-d6f4-411d-a2dd-d9f7bda823ca","deviceId":"Win32 | Mozilla/5.0 (Windows NT 10.0; Win64; x64) AppleWebKit/537.36 (KHTML, like Gecko) Chrome/134.0.0.0 Safari/537.36 Edg/134.0.0.0 | en-GB | Europe/London","connectionId":"d2c9ecb4-7437-4801-8ca6-e48ec6923fba","timestamp":"2025-04-01T15:13:48.011Z"}[0m
[36m2025-04-01 16:13:48[0m [32m[INFO][39m: [33m[PubSub] Message sent to connectionId d2c9ecb4-7437-4801-8ca6-e48ec6923fba[0m
[36m2025-04-01 16:14:14[0m [32m[INFO][39m: [33m[PubSub] Message received on channel "user-events"[0m
[36m2025-04-01 16:14:14[0m [32m[INFO][39m: [33m[PubSub] Raw message: {"type":"new_device_detected","userId":"db3432ad-d6f4-411d-a2dd-d9f7bda823ca","deviceId":"Win32 | Mozilla/5.0 (Windows NT 10.0; Win64; x64) AppleWebKit/537.36 (KHTML, like Gecko) Chrome/134.0.0.0 Safari/537.36 Edg/134.0.0.0 | en-GB | Europe/London","connectionId":"d2c9ecb4-7437-4801-8ca6-e48ec6923fba","timestamp":"2025-04-01T15:14:14.766Z"}[0m
[36m2025-04-01 16:14:14[0m [32m[INFO][39m: [33m[PubSub] Parsed message -> Event: new_device_detected, ConnectionId: d2c9ecb4-7437-4801-8ca6-e48ec6923fba, Data: {"type":"new_device_detected","userId":"db3432ad-d6f4-411d-a2dd-d9f7bda823ca","deviceId":"Win32 | Mozilla/5.0 (Windows NT 10.0; Win64; x64) AppleWebKit/537.36 (KHTML, like Gecko) Chrome/134.0.0.0 Safari/537.36 Edg/134.0.0.0 | en-GB | Europe/London","connectionId":"d2c9ecb4-7437-4801-8ca6-e48ec6923fba","timestamp":"2025-04-01T15:14:14.766Z"}[0m
[36m2025-04-01 16:14:14[0m [32m[INFO][39m: [33m[PubSub] Message sent to connectionId d2c9ecb4-7437-4801-8ca6-e48ec6923fba[0m
[36m2025-04-01 16:14:43[0m [32m[INFO][39m: [33m[PubSub] Message received on channel "user-events"[0m
[36m2025-04-01 16:14:43[0m [32m[INFO][39m: [33m[PubSub] Raw message: {"type":"new_device_detected","userId":"db3432ad-d6f4-411d-a2dd-d9f7bda823ca","deviceId":"Win32 | Mozilla/5.0 (Windows NT 10.0; Win64; x64) AppleWebKit/537.36 (KHTML, like Gecko) Chrome/134.0.0.0 Safari/537.36 Edg/134.0.0.0 | en-GB | Europe/London","connectionId":"e5150d79-c20a-43d0-b246-c74523e2dc3c","timestamp":"2025-04-01T15:14:43.157Z"}[0m
[36m2025-04-01 16:14:43[0m [32m[INFO][39m: [33m[PubSub] Parsed message -> Event: new_device_detected, ConnectionId: e5150d79-c20a-43d0-b246-c74523e2dc3c, Data: {"type":"new_device_detected","userId":"db3432ad-d6f4-411d-a2dd-d9f7bda823ca","deviceId":"Win32 | Mozilla/5.0 (Windows NT 10.0; Win64; x64) AppleWebKit/537.36 (KHTML, like Gecko) Chrome/134.0.0.0 Safari/537.36 Edg/134.0.0.0 | en-GB | Europe/London","connectionId":"e5150d79-c20a-43d0-b246-c74523e2dc3c","timestamp":"2025-04-01T15:14:43.157Z"}[0m
[36m2025-04-01 16:14:43[0m [32m[INFO][39m: [33m[PubSub] Message sent to connectionId e5150d79-c20a-43d0-b246-c74523e2dc3c[0m
[36m2025-04-01 16:21:41[0m [32m[INFO][39m: [33m[PubSub] Message received on channel "user-events"[0m
[36m2025-04-01 16:21:41[0m [32m[INFO][39m: [33m[PubSub] Raw message: {"type":"new_device_detected","userId":"db3432ad-d6f4-411d-a2dd-d9f7bda823ca","deviceId":"Win32 | Mozilla/5.0 (Windows NT 10.0; Win64; x64) AppleWebKit/537.36 (KHTML, like Gecko) Chrome/134.0.0.0 Safari/537.36 Edg/134.0.0.0 | en-GB | Europe/London","connectionId":"e5150d79-c20a-43d0-b246-c74523e2dc3c","timestamp":"2025-04-01T15:21:41.209Z"}[0m
[36m2025-04-01 16:21:41[0m [32m[INFO][39m: [33m[PubSub] Parsed message -> Event: new_device_detected, ConnectionId: e5150d79-c20a-43d0-b246-c74523e2dc3c, Data: {"type":"new_device_detected","userId":"db3432ad-d6f4-411d-a2dd-d9f7bda823ca","deviceId":"Win32 | Mozilla/5.0 (Windows NT 10.0; Win64; x64) AppleWebKit/537.36 (KHTML, like Gecko) Chrome/134.0.0.0 Safari/537.36 Edg/134.0.0.0 | en-GB | Europe/London","connectionId":"e5150d79-c20a-43d0-b246-c74523e2dc3c","timestamp":"2025-04-01T15:21:41.209Z"}[0m
[36m2025-04-01 16:21:41[0m [32m[INFO][39m: [33m[PubSub] Message sent to connectionId e5150d79-c20a-43d0-b246-c74523e2dc3c[0m
[36m2025-04-01 16:25:34[0m [32m[INFO][39m: [33m[PubSub] Message received on channel "user-events"[0m
[36m2025-04-01 16:25:34[0m [32m[INFO][39m: [33m[PubSub] Raw message: {"type":"new_device_detected","userId":"db3432ad-d6f4-411d-a2dd-d9f7bda823ca","deviceId":"Win32 | Mozilla/5.0 (Windows NT 10.0; Win64; x64) AppleWebKit/537.36 (KHTML, like Gecko) Chrome/134.0.0.0 Safari/537.36 Edg/134.0.0.0 | en-GB | Europe/London","connectionId":"e5150d79-c20a-43d0-b246-c74523e2dc3c","timestamp":"2025-04-01T15:25:34.481Z"}[0m
[36m2025-04-01 16:25:34[0m [32m[INFO][39m: [33m[PubSub] Parsed message -> Event: new_device_detected, ConnectionId: e5150d79-c20a-43d0-b246-c74523e2dc3c, Data: {"type":"new_device_detected","userId":"db3432ad-d6f4-411d-a2dd-d9f7bda823ca","deviceId":"Win32 | Mozilla/5.0 (Windows NT 10.0; Win64; x64) AppleWebKit/537.36 (KHTML, like Gecko) Chrome/134.0.0.0 Safari/537.36 Edg/134.0.0.0 | en-GB | Europe/London","connectionId":"e5150d79-c20a-43d0-b246-c74523e2dc3c","timestamp":"2025-04-01T15:25:34.481Z"}[0m
[36m2025-04-01 16:25:34[0m [32m[INFO][39m: [33m[PubSub] Message sent to connectionId e5150d79-c20a-43d0-b246-c74523e2dc3c[0m
[36m2025-04-01 18:01:36[0m [32m[INFO][39m: [33m[PubSub] Message received on channel "user-events"[0m
[36m2025-04-01 18:01:36[0m [32m[INFO][39m: [33m[PubSub] Raw message: {"type":"new_device_detected","userId":"db3432ad-d6f4-411d-a2dd-d9f7bda823ca","deviceId":"Win32 | Mozilla/5.0 (Windows NT 10.0; Win64; x64) AppleWebKit/537.36 (KHTML, like Gecko) Chrome/134.0.0.0 Safari/537.36 Edg/134.0.0.0 | en-GB | Europe/London","connectionId":"b47c01bb-82fd-42d8-8b0a-094d8a836397","timestamp":"2025-04-01T17:01:36.565Z"}[0m
[36m2025-04-01 18:01:36[0m [32m[INFO][39m: [33m[PubSub] Parsed message -> Event: new_device_detected, ConnectionId: b47c01bb-82fd-42d8-8b0a-094d8a836397, Data: {"type":"new_device_detected","userId":"db3432ad-d6f4-411d-a2dd-d9f7bda823ca","deviceId":"Win32 | Mozilla/5.0 (Windows NT 10.0; Win64; x64) AppleWebKit/537.36 (KHTML, like Gecko) Chrome/134.0.0.0 Safari/537.36 Edg/134.0.0.0 | en-GB | Europe/London","connectionId":"b47c01bb-82fd-42d8-8b0a-094d8a836397","timestamp":"2025-04-01T17:01:36.565Z"}[0m
[36m2025-04-01 18:01:36[0m [32m[INFO][39m: [33m[PubSub] Message sent to connectionId b47c01bb-82fd-42d8-8b0a-094d8a836397[0m
[36m2025-04-01 18:08:14[0m [32m[INFO][39m: [33m[PubSub] Starting subscriber and trying to subscribe to channel: user-events[0m
[36m2025-04-01 18:08:14[0m [32m[INFO][39m: [33m[PubSub] Subscriber initialized and subscribed to channel: user-events[0m
[36m2025-04-01 18:08:14[0m [32m[INFO][39m: [33mWebSocket Server running on port 8080[0m
[36m2025-04-01 18:08:14[0m [32m[INFO][39m: [33m[PubSub] Successfully subscribed to channel "user-events". Total channels subscribed: 1[0m
[36m2025-04-01 18:08:14[0m [31m[ERROR][39m: [33mToken verification failed: jwt malformed[0m
[36m2025-04-01 18:08:14[0m [32m[INFO][39m: [33m[WS] New client connected. ConnectionId: 9fac525f-ca24-42ea-83d1-896d72096845, Authenticated: false[0m
[36m2025-04-01 18:08:24[0m [32m[INFO][39m: [33m[WS] Connection 9fac525f-ca24-42ea-83d1-896d72096845 closed[0m
[36m2025-04-01 18:08:24[0m [31m[ERROR][39m: [33mToken verification failed: jwt malformed[0m
[36m2025-04-01 18:08:24[0m [32m[INFO][39m: [33m[WS] New client connected. ConnectionId: 7509fff0-0c03-418c-a42b-693f9f1cb9ef, Authenticated: false[0m
[36m2025-04-01 18:08:24[0m [32m[INFO][39m: [33m[WS] Connection 7509fff0-0c03-418c-a42b-693f9f1cb9ef closed[0m
[36m2025-04-01 18:08:24[0m [31m[ERROR][39m: [33mToken verification failed: jwt malformed[0m
[36m2025-04-01 18:08:24[0m [32m[INFO][39m: [33m[WS] New client connected. ConnectionId: 15fcc44b-9f57-498a-a4cf-77808fdebb63, Authenticated: false[0m
[36m2025-04-01 18:10:48[0m [32m[INFO][39m: [33m[PubSub] Starting subscriber and trying to subscribe to channel: user-events[0m
[36m2025-04-01 18:10:48[0m [32m[INFO][39m: [33m[PubSub] Subscriber initialized and subscribed to channel: user-events[0m
[36m2025-04-01 18:10:48[0m [32m[INFO][39m: [33mWebSocket Server running on port 8080[0m
[36m2025-04-01 18:10:48[0m [32m[INFO][39m: [33m[PubSub] Successfully subscribed to channel "user-events". Total channels subscribed: 1[0m
[36m2025-04-01 18:10:50[0m [32m[INFO][39m: [33m[WS] New client connected. ConnectionId: aa8aeaf2-d132-4be2-968e-568eaf6b0a7c[0m
[36m2025-04-01 18:10:53[0m [32m[INFO][39m: [33m[PubSub] Starting subscriber and trying to subscribe to channel: user-events[0m
[36m2025-04-01 18:10:53[0m [32m[INFO][39m: [33m[PubSub] Subscriber initialized and subscribed to channel: user-events[0m
[36m2025-04-01 18:10:53[0m [32m[INFO][39m: [33mWebSocket Server running on port 8080[0m
[36m2025-04-01 18:10:53[0m [32m[INFO][39m: [33m[PubSub] Successfully subscribed to channel "user-events". Total channels subscribed: 1[0m
[36m2025-04-01 18:10:54[0m [32m[INFO][39m: [33m[PubSub] Starting subscriber and trying to subscribe to channel: user-events[0m
[36m2025-04-01 18:10:54[0m [32m[INFO][39m: [33m[PubSub] Subscriber initialized and subscribed to channel: user-events[0m
[36m2025-04-01 18:10:54[0m [32m[INFO][39m: [33mWebSocket Server running on port 8080[0m
[36m2025-04-01 18:10:54[0m [32m[INFO][39m: [33m[PubSub] Successfully subscribed to channel "user-events". Total channels subscribed: 1[0m
[36m2025-04-01 18:10:55[0m [32m[INFO][39m: [33m[WS] New client connected. ConnectionId: be69b08b-26ff-4d8d-9779-955643123b8d[0m
[36m2025-04-01 18:10:57[0m [32m[INFO][39m: [33m[PubSub] Starting subscriber and trying to subscribe to channel: user-events[0m
[36m2025-04-01 18:10:57[0m [32m[INFO][39m: [33m[PubSub] Subscriber initialized and subscribed to channel: user-events[0m
[36m2025-04-01 18:10:57[0m [32m[INFO][39m: [33mWebSocket Server running on port 8080[0m
[36m2025-04-01 18:10:57[0m [32m[INFO][39m: [33m[PubSub] Successfully subscribed to channel "user-events". Total channels subscribed: 1[0m
[36m2025-04-01 18:10:58[0m [32m[INFO][39m: [33m[WS] New client connected. ConnectionId: 284ca0c3-d489-4602-9ced-71072e35cfc3[0m
[36m2025-04-01 18:11:00[0m [32m[INFO][39m: [33m[PubSub] Starting subscriber and trying to subscribe to channel: user-events[0m
[36m2025-04-01 18:11:00[0m [32m[INFO][39m: [33m[PubSub] Subscriber initialized and subscribed to channel: user-events[0m
[36m2025-04-01 18:11:00[0m [32m[INFO][39m: [33mWebSocket Server running on port 8080[0m
[36m2025-04-01 18:11:00[0m [32m[INFO][39m: [33m[PubSub] Successfully subscribed to channel "user-events". Total channels subscribed: 1[0m
[36m2025-04-01 18:11:02[0m [32m[INFO][39m: [33m[WS] New client connected. ConnectionId: f5a950ae-1bf3-48cc-a941-4e013102c962[0m
[36m2025-04-01 18:11:05[0m [32m[INFO][39m: [33m[PubSub] Starting subscriber and trying to subscribe to channel: user-events[0m
[36m2025-04-01 18:11:05[0m [32m[INFO][39m: [33m[PubSub] Subscriber initialized and subscribed to channel: user-events[0m
[36m2025-04-01 18:11:05[0m [32m[INFO][39m: [33m[MessageRouter] Initialized with secretKey and clientManager.[0m
[36m2025-04-01 18:11:05[0m [32m[INFO][39m: [33mWebSocket Server running on port 8080[0m
[36m2025-04-01 18:11:05[0m [32m[INFO][39m: [33m[PubSub] Successfully subscribed to channel "user-events". Total channels subscribed: 1[0m
[36m2025-04-01 18:11:06[0m [32m[INFO][39m: [33m[WS] New client connected. ConnectionId: 447cf9c0-c6c3-4ada-913a-5482c0f0670f[0m
[36m2025-04-01 18:11:08[0m [32m[INFO][39m: [33m[PubSub] Starting subscriber and trying to subscribe to channel: user-events[0m
[36m2025-04-01 18:11:08[0m [32m[INFO][39m: [33m[PubSub] Subscriber initialized and subscribed to channel: user-events[0m
[36m2025-04-01 18:11:08[0m [32m[INFO][39m: [33mWebSocket Server running on port 8080[0m
[36m2025-04-01 18:11:08[0m [32m[INFO][39m: [33m[PubSub] Successfully subscribed to channel "user-events". Total channels subscribed: 1[0m
[36m2025-04-01 18:11:09[0m [32m[INFO][39m: [33m[WS] New client connected. ConnectionId: 453cbe8a-af91-4e18-90f3-bad2eb480596[0m
[36m2025-04-01 18:11:11[0m [32m[INFO][39m: [33m[PubSub] Starting subscriber and trying to subscribe to channel: user-events[0m
[36m2025-04-01 18:11:11[0m [32m[INFO][39m: [33m[PubSub] Subscriber initialized and subscribed to channel: user-events[0m
[36m2025-04-01 18:11:11[0m [32m[INFO][39m: [33m[MessageRouter] Initialized with secretKey and clientManager.[0m
[36m2025-04-01 18:11:11[0m [32m[INFO][39m: [33mWebSocket Server running on port 8080[0m
[36m2025-04-01 18:11:11[0m [32m[INFO][39m: [33m[PubSub] Successfully subscribed to channel "user-events". Total channels subscribed: 1[0m
[36m2025-04-01 18:11:12[0m [32m[INFO][39m: [33m[WS] New client connected. ConnectionId: 4dede5e8-9286-4459-92e8-87f4f7aefc5a[0m
[36m2025-04-01 18:11:27[0m [32m[INFO][39m: [33m[PubSub] Starting subscriber and trying to subscribe to channel: user-events[0m
[36m2025-04-01 18:11:27[0m [32m[INFO][39m: [33m[PubSub] Subscriber initialized and subscribed to channel: user-events[0m
[36m2025-04-01 18:11:27[0m [32m[INFO][39m: [33m[MessageRouter] Initialized with secretKey and clientManager.[0m
[36m2025-04-01 18:11:27[0m [32m[INFO][39m: [33mWebSocket Server running on port 8080[0m
[36m2025-04-01 18:11:27[0m [32m[INFO][39m: [33m[PubSub] Successfully subscribed to channel "user-events". Total channels subscribed: 1[0m
[36m2025-04-01 18:11:28[0m [32m[INFO][39m: [33m[WS] New client connected. ConnectionId: fa4414db-8739-4213-995d-07b321bf0d3d[0m
[36m2025-04-01 18:12:11[0m [32m[INFO][39m: [33m[PubSub] Message received on channel "user-events"[0m
[36m2025-04-01 18:12:11[0m [32m[INFO][39m: [33m[PubSub] Raw message: {"type":"new_device_detected","userId":"db3432ad-d6f4-411d-a2dd-d9f7bda823ca","deviceId":"Win32 | Mozilla/5.0 (Windows NT 10.0; Win64; x64) AppleWebKit/537.36 (KHTML, like Gecko) Chrome/134.0.0.0 Safari/537.36 Edg/134.0.0.0 | en-GB | Europe/London","connectionId":"fa4414db-8739-4213-995d-07b321bf0d3d","timestamp":"2025-04-01T17:12:11.298Z"}[0m
[36m2025-04-01 18:12:11[0m [32m[INFO][39m: [33m[PubSub] Parsed message -> Event: new_device_detected, ConnectionId: fa4414db-8739-4213-995d-07b321bf0d3d, Data: {"type":"new_device_detected","userId":"db3432ad-d6f4-411d-a2dd-d9f7bda823ca","deviceId":"Win32 | Mozilla/5.0 (Windows NT 10.0; Win64; x64) AppleWebKit/537.36 (KHTML, like Gecko) Chrome/134.0.0.0 Safari/537.36 Edg/134.0.0.0 | en-GB | Europe/London","connectionId":"fa4414db-8739-4213-995d-07b321bf0d3d","timestamp":"2025-04-01T17:12:11.298Z"}[0m
[36m2025-04-01 18:12:11[0m [32m[INFO][39m: [33m[PubSub] Message sent to connectionId fa4414db-8739-4213-995d-07b321bf0d3d[0m
[36m2025-04-01 18:12:11[0m [32m[INFO][39m: [33m[WS] Connection fa4414db-8739-4213-995d-07b321bf0d3d closed[0m
[36m2025-04-01 18:12:11[0m [32m[INFO][39m: [33m[WS] New client connected. ConnectionId: 7fec9e23-23b3-4366-9fe6-9ab26ecd129d[0m
[36m2025-04-01 18:20:23[0m [32m[INFO][39m: [33m[WS] Connection 7fec9e23-23b3-4366-9fe6-9ab26ecd129d closed[0m
[36m2025-04-01 18:20:25[0m [32m[INFO][39m: [33m[WS] New client connected. ConnectionId: 0b344279-4255-4696-a7eb-93d75295d5f0[0m
[36m2025-04-01 18:23:10[0m [32m[INFO][39m: [33m[WS] Connection 0b344279-4255-4696-a7eb-93d75295d5f0 closed[0m
[36m2025-04-01 18:24:00[0m [32m[INFO][39m: [33m[WS] New client connected. ConnectionId: f05dfb68-1181-4681-8609-3a316cc0712c[0m
[36m2025-04-01 18:24:27[0m [32m[INFO][39m: [33m[WS] Connection f05dfb68-1181-4681-8609-3a316cc0712c closed[0m
[36m2025-04-01 18:24:27[0m [32m[INFO][39m: [33m[WS] New client connected. ConnectionId: 8a522dc9-8485-428e-acd9-4423bb2607cb[0m
[36m2025-04-01 18:24:31[0m [32m[INFO][39m: [33m[WS] Connection 8a522dc9-8485-428e-acd9-4423bb2607cb closed[0m
[36m2025-04-01 18:24:31[0m [32m[INFO][39m: [33m[WS] New client connected. ConnectionId: 1a4671a3-cea6-4d29-896e-37136dc794d3[0m
[36m2025-04-01 18:24:48[0m [32m[INFO][39m: [33m[WS] Connection 1a4671a3-cea6-4d29-896e-37136dc794d3 closed[0m
[36m2025-04-01 18:24:48[0m [32m[INFO][39m: [33m[WS] New client connected. ConnectionId: deb01093-0e63-4a42-be7e-97975189a5c7[0m
[36m2025-04-01 18:24:48[0m [32m[INFO][39m: [33m[WS] Connection deb01093-0e63-4a42-be7e-97975189a5c7 closed[0m
[36m2025-04-01 18:24:48[0m [32m[INFO][39m: [33m[WS] New client connected. ConnectionId: 6d034fec-75c2-4ac2-b58e-78b7d08de965[0m
[36m2025-04-01 18:24:59[0m [32m[INFO][39m: [33m[WS] Connection 6d034fec-75c2-4ac2-b58e-78b7d08de965 closed[0m
[36m2025-04-01 18:24:59[0m [32m[INFO][39m: [33m[WS] New client connected. ConnectionId: 4b2ccc2c-e498-4a19-a263-593a5ca6d47c[0m
[36m2025-04-01 18:25:09[0m [32m[INFO][39m: [33m[PubSub] Message received on channel "user-events"[0m
[36m2025-04-01 18:25:09[0m [32m[INFO][39m: [33m[PubSub] Raw message: {"type":"new_device_detected","userId":"db3432ad-d6f4-411d-a2dd-d9f7bda823ca","deviceId":"Win32 | Mozilla/5.0 (Windows NT 10.0; Win64; x64) AppleWebKit/537.36 (KHTML, like Gecko) Chrome/134.0.0.0 Safari/537.36 Edg/134.0.0.0 | en-GB | Europe/London","connectionId":"4b2ccc2c-e498-4a19-a263-593a5ca6d47c","timestamp":"2025-04-01T17:25:09.602Z"}[0m
[36m2025-04-01 18:25:09[0m [32m[INFO][39m: [33m[PubSub] Parsed message -> Event: new_device_detected, ConnectionId: 4b2ccc2c-e498-4a19-a263-593a5ca6d47c, Data: {"type":"new_device_detected","userId":"db3432ad-d6f4-411d-a2dd-d9f7bda823ca","deviceId":"Win32 | Mozilla/5.0 (Windows NT 10.0; Win64; x64) AppleWebKit/537.36 (KHTML, like Gecko) Chrome/134.0.0.0 Safari/537.36 Edg/134.0.0.0 | en-GB | Europe/London","connectionId":"4b2ccc2c-e498-4a19-a263-593a5ca6d47c","timestamp":"2025-04-01T17:25:09.602Z"}[0m
[36m2025-04-01 18:25:09[0m [32m[INFO][39m: [33m[PubSub] Message sent to connectionId 4b2ccc2c-e498-4a19-a263-593a5ca6d47c[0m
[36m2025-04-01 18:25:09[0m [32m[INFO][39m: [33m[WS] Connection 4b2ccc2c-e498-4a19-a263-593a5ca6d47c closed[0m
[36m2025-04-01 18:25:09[0m [32m[INFO][39m: [33m[WS] New client connected. ConnectionId: 1eb5bec2-e81b-41bc-99a4-b2ab1c352f94[0m
[36m2025-04-01 18:29:34[0m [32m[INFO][39m: [33m[WS] Connection 1eb5bec2-e81b-41bc-99a4-b2ab1c352f94 closed[0m
[36m2025-04-01 18:29:34[0m [32m[INFO][39m: [33m[WS] New client connected. ConnectionId: 95a7c21f-aa11-439a-8a54-c43f467555d2[0m
[36m2025-04-01 18:29:37[0m [32m[INFO][39m: [33m[WS] Connection 95a7c21f-aa11-439a-8a54-c43f467555d2 closed[0m
[36m2025-04-01 18:29:44[0m [32m[INFO][39m: [33m[WS] New client connected. ConnectionId: 49d6dff6-ab09-4288-95f3-c89411360aee[0m
[36m2025-04-01 18:29:46[0m [32m[INFO][39m: [33m[WS] Connection 49d6dff6-ab09-4288-95f3-c89411360aee closed[0m
[36m2025-04-01 18:29:46[0m [32m[INFO][39m: [33m[WS] New client connected. ConnectionId: 01d62214-a104-45f4-826e-7e739cee0e24[0m
[36m2025-04-01 18:29:46[0m [32m[INFO][39m: [33m[WS] Connection 01d62214-a104-45f4-826e-7e739cee0e24 closed[0m
[36m2025-04-01 18:29:46[0m [32m[INFO][39m: [33m[WS] New client connected. ConnectionId: edeca814-d4f1-4423-bc3d-b49d71e44d1c[0m
[36m2025-04-01 18:29:55[0m [32m[INFO][39m: [33m[PubSub] Message received on channel "user-events"[0m
[36m2025-04-01 18:29:55[0m [32m[INFO][39m: [33m[PubSub] Raw message: {"type":"new_device_detected","userId":"db3432ad-d6f4-411d-a2dd-d9f7bda823ca","deviceId":"Win32 | Mozilla/5.0 (Windows NT 10.0; Win64; x64) AppleWebKit/537.36 (KHTML, like Gecko) Chrome/134.0.0.0 Safari/537.36 Edg/134.0.0.0 | en-GB | Europe/London","connectionId":"edeca814-d4f1-4423-bc3d-b49d71e44d1c","timestamp":"2025-04-01T17:29:55.802Z"}[0m
[36m2025-04-01 18:29:55[0m [32m[INFO][39m: [33m[PubSub] Parsed message -> Event: new_device_detected, ConnectionId: edeca814-d4f1-4423-bc3d-b49d71e44d1c, Data: {"type":"new_device_detected","userId":"db3432ad-d6f4-411d-a2dd-d9f7bda823ca","deviceId":"Win32 | Mozilla/5.0 (Windows NT 10.0; Win64; x64) AppleWebKit/537.36 (KHTML, like Gecko) Chrome/134.0.0.0 Safari/537.36 Edg/134.0.0.0 | en-GB | Europe/London","connectionId":"edeca814-d4f1-4423-bc3d-b49d71e44d1c","timestamp":"2025-04-01T17:29:55.802Z"}[0m
[36m2025-04-01 18:29:55[0m [32m[INFO][39m: [33m[PubSub] Message sent to connectionId edeca814-d4f1-4423-bc3d-b49d71e44d1c[0m
[36m2025-04-01 18:33:32[0m [32m[INFO][39m: [33m[PubSub] Starting subscriber and trying to subscribe to channel: user-events[0m
[36m2025-04-01 18:33:32[0m [32m[INFO][39m: [33m[PubSub] Subscriber initialized and subscribed to channel: user-events[0m
[36m2025-04-01 18:33:32[0m [32m[INFO][39m: [33m[MessageRouter] Initialized with secretKey and clientManager.[0m
[36m2025-04-01 18:33:32[0m [32m[INFO][39m: [33mWebSocket Server running on port 8080[0m
[36m2025-04-01 18:33:32[0m [32m[INFO][39m: [33m[PubSub] Successfully subscribed to channel "user-events". Total channels subscribed: 1[0m
[36m2025-04-01 18:33:33[0m [31m[ERROR][39m: [33mToken verification failed: jwt malformed[0m
[36m2025-04-01 18:33:33[0m [32m[INFO][39m: [33m[WS] New client connected. ConnectionId: 06ba729d-9718-4887-9281-5560396e81f6, Authenticated: false[0m
[36m2025-04-01 18:33:35[0m [32m[INFO][39m: [33m[PubSub] Starting subscriber and trying to subscribe to channel: user-events[0m
[36m2025-04-01 18:33:35[0m [32m[INFO][39m: [33m[PubSub] Subscriber initialized and subscribed to channel: user-events[0m
[36m2025-04-01 18:33:35[0m [32m[INFO][39m: [33m[MessageRouter] Initialized with secretKey and clientManager.[0m
[36m2025-04-01 18:33:35[0m [32m[INFO][39m: [33mWebSocket Server running on port 8080[0m
[36m2025-04-01 18:33:35[0m [32m[INFO][39m: [33m[PubSub] Successfully subscribed to channel "user-events". Total channels subscribed: 1[0m
[36m2025-04-01 18:33:36[0m [32m[INFO][39m: [33m[WS] New client connected. ConnectionId: 49cc5092-5467-4bc8-b01b-3f65aa9edded[0m
[36m2025-04-01 18:36:59[0m [32m[INFO][39m: [33m[PubSub] Starting subscriber and trying to subscribe to channel: user-events[0m
[36m2025-04-01 18:36:59[0m [32m[INFO][39m: [33m[PubSub] Subscriber initialized and subscribed to channel: user-events[0m
[36m2025-04-01 18:36:59[0m [32m[INFO][39m: [33m[MessageRouter] Initialized with secretKey and clientManager.[0m
[36m2025-04-01 18:36:59[0m [32m[INFO][39m: [33mWebSocket Server running on port 8080[0m
[36m2025-04-01 18:36:59[0m [32m[INFO][39m: [33m[PubSub] Successfully subscribed to channel "user-events". Total channels subscribed: 1[0m
[36m2025-04-01 18:37:00[0m [31m[ERROR][39m: [33mToken verification failed:[0m
[36m2025-04-01 18:37:00[0m [32m[INFO][39m: [33m[WS] New connection - ID: 10dfcb95-7bc6-4e7b-965a-632f47abfe9e, Auth: false, User: null[0m
[36m2025-04-01 18:38:06[0m [32m[INFO][39m: [33m[WS] Connection 10dfcb95-7bc6-4e7b-965a-632f47abfe9e closed[0m
[36m2025-04-01 18:38:07[0m [31m[ERROR][39m: [33mToken verification failed:[0m
[36m2025-04-01 18:38:07[0m [32m[INFO][39m: [33m[WS] New connection - ID: 5ac10b90-5902-48c4-ad33-0ce4668028b8, Auth: false, User: null[0m
[36m2025-04-01 18:38:16[0m [32m[INFO][39m: [33m[PubSub] Message received on channel "user-events"[0m
[36m2025-04-01 18:38:16[0m [32m[INFO][39m: [33m[PubSub] Raw message: {"type":"new_device_detected","userId":"db3432ad-d6f4-411d-a2dd-d9f7bda823ca","deviceId":"Win32 | Mozilla/5.0 (Windows NT 10.0; Win64; x64) AppleWebKit/537.36 (KHTML, like Gecko) Chrome/134.0.0.0 Safari/537.36 Edg/134.0.0.0 | en-GB | Europe/London","connectionId":"5ac10b90-5902-48c4-ad33-0ce4668028b8","timestamp":"2025-04-01T17:38:16.448Z"}[0m
[36m2025-04-01 18:38:16[0m [32m[INFO][39m: [33m[PubSub] Parsed message -> Event: new_device_detected, ConnectionId: 5ac10b90-5902-48c4-ad33-0ce4668028b8, Data: {"type":"new_device_detected","userId":"db3432ad-d6f4-411d-a2dd-d9f7bda823ca","deviceId":"Win32 | Mozilla/5.0 (Windows NT 10.0; Win64; x64) AppleWebKit/537.36 (KHTML, like Gecko) Chrome/134.0.0.0 Safari/537.36 Edg/134.0.0.0 | en-GB | Europe/London","connectionId":"5ac10b90-5902-48c4-ad33-0ce4668028b8","timestamp":"2025-04-01T17:38:16.448Z"}[0m
[36m2025-04-01 18:38:16[0m [32m[INFO][39m: [33m[PubSub] Message sent to connectionId 5ac10b90-5902-48c4-ad33-0ce4668028b8[0m
[36m2025-04-01 18:39:25[0m [32m[INFO][39m: [33m[PubSub] Message received on channel "user-events"[0m
[36m2025-04-01 18:39:25[0m [32m[INFO][39m: [33m[PubSub] Raw message: {"type":"new_device_detected","userId":"db3432ad-d6f4-411d-a2dd-d9f7bda823ca","deviceId":"Win32 | Mozilla/5.0 (Windows NT 10.0; Win64; x64) AppleWebKit/537.36 (KHTML, like Gecko) Chrome/134.0.0.0 Safari/537.36 Edg/134.0.0.0 | en-GB | Europe/London","connectionId":"fallback-1743529160541-i75irgtk","timestamp":"2025-04-01T17:39:25.857Z"}[0m
[36m2025-04-01 18:39:25[0m [32m[INFO][39m: [33m[PubSub] Parsed message -> Event: new_device_detected, ConnectionId: fallback-1743529160541-i75irgtk, Data: {"type":"new_device_detected","userId":"db3432ad-d6f4-411d-a2dd-d9f7bda823ca","deviceId":"Win32 | Mozilla/5.0 (Windows NT 10.0; Win64; x64) AppleWebKit/537.36 (KHTML, like Gecko) Chrome/134.0.0.0 Safari/537.36 Edg/134.0.0.0 | en-GB | Europe/London","connectionId":"fallback-1743529160541-i75irgtk","timestamp":"2025-04-01T17:39:25.857Z"}[0m
[36m2025-04-01 18:39:25[0m [33m[WARN][39m: [33m[PubSub] No active socket found for connectionId fallback-1743529160541-i75irgtk[0m
[36m2025-04-01 18:39:37[0m [32m[INFO][39m: [33m[WS] Connection 5ac10b90-5902-48c4-ad33-0ce4668028b8 closed[0m
[36m2025-04-01 18:39:37[0m [31m[ERROR][39m: [33mToken verification failed:[0m
[36m2025-04-01 18:39:37[0m [32m[INFO][39m: [33m[WS] New connection - ID: c7fd5540-9ac9-491e-9d14-1ffffe729413, Auth: false, User: null[0m
[36m2025-04-01 18:39:37[0m [32m[INFO][39m: [33m[WS] Connection c7fd5540-9ac9-491e-9d14-1ffffe729413 closed[0m
[36m2025-04-01 18:39:37[0m [31m[ERROR][39m: [33mToken verification failed:[0m
[36m2025-04-01 18:39:37[0m [32m[INFO][39m: [33m[WS] New connection - ID: 22658cde-ff7a-4b02-9374-bd95f6f5d136, Auth: false, User: null[0m
[36m2025-04-01 18:40:13[0m [32m[INFO][39m: [33m[WS] Connection 22658cde-ff7a-4b02-9374-bd95f6f5d136 closed[0m
[36m2025-04-01 18:40:13[0m [31m[ERROR][39m: [33mToken verification failed:[0m
[36m2025-04-01 18:40:13[0m [32m[INFO][39m: [33m[WS] New connection - ID: 64acc778-6aeb-4fb0-83ae-2a5b8609ca9c, Auth: false, User: null[0m
[36m2025-04-01 18:40:37[0m [32m[INFO][39m: [33m[PubSub] Starting subscriber and trying to subscribe to channel: user-events[0m
[36m2025-04-01 18:40:37[0m [32m[INFO][39m: [33m[PubSub] Subscriber initialized and subscribed to channel: user-events[0m
[36m2025-04-01 18:40:37[0m [32m[INFO][39m: [33m[MessageRouter] Initialized with secretKey and clientManager.[0m
[36m2025-04-01 18:40:37[0m [32m[INFO][39m: [33mWebSocket Server running on port 8080[0m
[36m2025-04-01 18:40:37[0m [32m[INFO][39m: [33m[PubSub] Successfully subscribed to channel "user-events". Total channels subscribed: 1[0m
[36m2025-04-01 18:40:38[0m [32m[INFO][39m: [33m[WS] New client connected. ConnectionId: 58019142-74ef-45e1-bd7e-24d52cb4ab6a[0m
[36m2025-04-01 18:40:50[0m [32m[INFO][39m: [33m[PubSub] Starting subscriber and trying to subscribe to channel: user-events[0m
[36m2025-04-01 18:40:50[0m [32m[INFO][39m: [33m[PubSub] Subscriber initialized and subscribed to channel: user-events[0m
[36m2025-04-01 18:40:50[0m [32m[INFO][39m: [33m[MessageRouter] Initialized with secretKey and clientManager.[0m
[36m2025-04-01 18:40:50[0m [32m[INFO][39m: [33mWebSocket Server running on port 8080[0m
[36m2025-04-01 18:40:50[0m [32m[INFO][39m: [33m[PubSub] Successfully subscribed to channel "user-events". Total channels subscribed: 1[0m
[36m2025-04-01 18:40:51[0m [31m[ERROR][39m: [33mToken verification failed: jwt malformed[0m
[36m2025-04-01 18:40:51[0m [32m[INFO][39m: [33m[WS] New client connected. ConnectionId: a9a1f984-1d91-4804-89be-4974626e0332, Authenticated: false[0m
[36m2025-04-01 18:40:58[0m [32m[INFO][39m: [33m[PubSub] Starting subscriber and trying to subscribe to channel: user-events[0m
[36m2025-04-01 18:40:58[0m [32m[INFO][39m: [33m[PubSub] Subscriber initialized and subscribed to channel: user-events[0m
[36m2025-04-01 18:40:58[0m [32m[INFO][39m: [33m[MessageRouter] Initialized with secretKey and clientManager.[0m
[36m2025-04-01 18:40:58[0m [32m[INFO][39m: [33m[PubSub] Successfully subscribed to channel "user-events". Total channels subscribed: 1[0m
[36m2025-04-01 18:41:02[0m [32m[INFO][39m: [33m[PubSub] Starting subscriber and trying to subscribe to channel: user-events[0m
[36m2025-04-01 18:41:02[0m [32m[INFO][39m: [33m[PubSub] Subscriber initialized and subscribed to channel: user-events[0m
[36m2025-04-01 18:41:02[0m [32m[INFO][39m: [33m[MessageRouter] Initialized with secretKey and clientManager.[0m
[36m2025-04-01 18:41:02[0m [32m[INFO][39m: [33mWebSocket Server running on port 8080[0m
[36m2025-04-01 18:41:02[0m [32m[INFO][39m: [33m[PubSub] Successfully subscribed to channel "user-events". Total channels subscribed: 1[0m
[36m2025-04-01 18:41:03[0m [31m[ERROR][39m: [33mToken verification failed: jwt malformed[0m
[36m2025-04-01 18:41:03[0m [32m[INFO][39m: [33m[WS] New client connected. ConnectionId: d95c2503-1223-4fd9-b5bf-ed2fe5dc18a2, Authenticated: false[0m
[36m2025-04-01 18:41:04[0m [32m[INFO][39m: [33m[PubSub] Starting subscriber and trying to subscribe to channel: user-events[0m
[36m2025-04-01 18:41:04[0m [32m[INFO][39m: [33m[PubSub] Subscriber initialized and subscribed to channel: user-events[0m
[36m2025-04-01 18:41:04[0m [32m[INFO][39m: [33m[MessageRouter] Initialized with secretKey and clientManager.[0m
[36m2025-04-01 18:41:04[0m [32m[INFO][39m: [33m[PubSub] Successfully subscribed to channel "user-events". Total channels subscribed: 1[0m
[36m2025-04-01 18:41:17[0m [32m[INFO][39m: [33m[PubSub] Starting subscriber and trying to subscribe to channel: user-events[0m
[36m2025-04-01 18:41:17[0m [32m[INFO][39m: [33m[PubSub] Subscriber initialized and subscribed to channel: user-events[0m
[36m2025-04-01 18:41:17[0m [32m[INFO][39m: [33m[MessageRouter] Initialized with secretKey and clientManager.[0m
[36m2025-04-01 18:41:17[0m [32m[INFO][39m: [33m[PubSub] Successfully subscribed to channel "user-events". Total channels subscribed: 1[0m
[36m2025-04-01 18:41:18[0m [32m[INFO][39m: [33m[PubSub] Starting subscriber and trying to subscribe to channel: user-events[0m
[36m2025-04-01 18:41:18[0m [32m[INFO][39m: [33m[PubSub] Subscriber initialized and subscribed to channel: user-events[0m
[36m2025-04-01 18:41:18[0m [32m[INFO][39m: [33m[MessageRouter] Initialized with secretKey and clientManager.[0m
[36m2025-04-01 18:41:18[0m [32m[INFO][39m: [33m[PubSub] Successfully subscribed to channel "user-events". Total channels subscribed: 1[0m
[36m2025-04-01 18:41:21[0m [32m[INFO][39m: [33m[PubSub] Starting subscriber and trying to subscribe to channel: user-events[0m
[36m2025-04-01 18:41:21[0m [32m[INFO][39m: [33m[PubSub] Subscriber initialized and subscribed to channel: user-events[0m
[36m2025-04-01 18:41:21[0m [32m[INFO][39m: [33m[MessageRouter] Initialized with secretKey and clientManager.[0m
[36m2025-04-01 18:41:21[0m [32m[INFO][39m: [33m[PubSub] Successfully subscribed to channel "user-events". Total channels subscribed: 1[0m
[36m2025-04-01 18:41:53[0m [32m[INFO][39m: [33m[PubSub] Message received on channel "user-events"[0m
[36m2025-04-01 18:41:53[0m [32m[INFO][39m: [33m[PubSub] Raw message: {"type":"new_device_detected","userId":"db3432ad-d6f4-411d-a2dd-d9f7bda823ca","deviceId":"Win32 | Mozilla/5.0 (Windows NT 10.0; Win64; x64) AppleWebKit/537.36 (KHTML, like Gecko) Chrome/134.0.0.0 Safari/537.36 Edg/134.0.0.0 | en-GB | Europe/London","connectionId":"03d2c2f4-4169-4a1c-8446-92e9707030b5","timestamp":"2025-04-01T17:41:53.352Z"}[0m
[36m2025-04-01 18:41:53[0m [32m[INFO][39m: [33m[PubSub] Parsed message -> Event: new_device_detected, ConnectionId: 03d2c2f4-4169-4a1c-8446-92e9707030b5, Data: {"type":"new_device_detected","userId":"db3432ad-d6f4-411d-a2dd-d9f7bda823ca","deviceId":"Win32 | Mozilla/5.0 (Windows NT 10.0; Win64; x64) AppleWebKit/537.36 (KHTML, like Gecko) Chrome/134.0.0.0 Safari/537.36 Edg/134.0.0.0 | en-GB | Europe/London","connectionId":"03d2c2f4-4169-4a1c-8446-92e9707030b5","timestamp":"2025-04-01T17:41:53.352Z"}[0m
[36m2025-04-01 18:41:53[0m [32m[INFO][39m: [33m[PubSub] Message sent to connectionId 03d2c2f4-4169-4a1c-8446-92e9707030b5[0m
